[0.051s] Invoking command in '/home/raji/bumperbot_ws/build/bumperbot_firmware': CMAKE_PREFIX_PATH=${CMAKE_PREFIX_PATH}:/home/raji/ros2_ws/install/my_py_pkg:/opt/ros/humble /usr/bin/cmake /home/raji/bumperbot_ws/src/bumperbot_firmware -DCMAKE_INSTALL_PREFIX=/home/raji/bumperbot_ws/install/bumperbot_firmware
[1.311s] -- The C compiler identification is GNU 11.4.0
[1.949s] -- The CXX compiler identification is GNU 11.4.0
[2.165s] -- Detecting C compiler ABI info
[2.568s] -- Detecting C compiler ABI info - done
[2.579s] -- Check for working C compiler: /usr/bin/cc - skipped
[2.579s] -- Detecting C compile features
[2.606s] -- Detecting C compile features - done
[2.623s] -- Detecting CXX compiler ABI info
[2.966s] -- Detecting CXX compiler ABI info - done
[2.983s] -- Check for working CXX compiler: /usr/bin/c++ - skipped
[2.983s] -- Detecting CXX compile features
[2.984s] -- Detecting CXX compile features - done
[3.074s] -- Found ament_cmake: 1.3.11 (/opt/ros/humble/share/ament_cmake/cmake)
[3.446s] -- Found Python3: /usr/bin/python3 (found version "3.10.12") found components: Interpreter 
[4.019s] -- Found rclcpp: 16.0.11 (/opt/ros/humble/share/rclcpp/cmake)
[4.624s] -- Found rosidl_generator_c: 3.1.6 (/opt/ros/humble/share/rosidl_generator_c/cmake)
[4.668s] -- Found rosidl_adapter: 3.1.6 (/opt/ros/humble/share/rosidl_adapter/cmake)
[4.695s] -- Found rosidl_generator_cpp: 3.1.6 (/opt/ros/humble/share/rosidl_generator_cpp/cmake)
[4.762s] -- Using all available rosidl_typesupport_c: rosidl_typesupport_fastrtps_c;rosidl_typesupport_introspection_c
[4.853s] -- Using all available rosidl_typesupport_cpp: rosidl_typesupport_fastrtps_cpp;rosidl_typesupport_introspection_cpp
[5.423s] -- Found rmw_implementation_cmake: 6.1.2 (/opt/ros/humble/share/rmw_implementation_cmake/cmake)
[5.484s] -- Found rmw_fastrtps_cpp: 6.2.7 (/opt/ros/humble/share/rmw_fastrtps_cpp/cmake)
[5.758s] -- Found OpenSSL: /usr/lib/x86_64-linux-gnu/libcrypto.so (found version "3.0.2")  
[5.825s] -- Found FastRTPS: /opt/ros/humble/include  
[5.879s] -- Using RMW implementation 'rmw_fastrtps_cpp' as default
[5.960s] -- Looking for pthread.h
[6.251s] -- Looking for pthread.h - found
[6.251s] -- Performing Test CMAKE_HAVE_LIBC_PTHREAD
[6.335s] -- Performing Test CMAKE_HAVE_LIBC_PTHREAD - Success
[6.336s] -- Found Threads: TRUE  
[6.528s] -- Found rclpy: 3.3.15 (/opt/ros/humble/share/rclpy/cmake)
[6.543s] -- Found hardware_interface: 2.46.0 (/opt/ros/humble/share/hardware_interface/cmake)
[7.593s] -- Found PkgConfig: /usr/bin/pkg-config (found version "0.29.2") 
[7.594s] -- Checking for module 'libserial'
[7.639s] --   Found libserial, version 1.0.0
[7.824s] -- Configuring done
[10.521s] -- Generating done
[10.529s] -- Build files have been written to: /home/raji/bumperbot_ws/build/bumperbot_firmware
[10.542s] Invoked command in '/home/raji/bumperbot_ws/build/bumperbot_firmware' returned '0': CMAKE_PREFIX_PATH=${CMAKE_PREFIX_PATH}:/home/raji/ros2_ws/install/my_py_pkg:/opt/ros/humble /usr/bin/cmake /home/raji/bumperbot_ws/src/bumperbot_firmware -DCMAKE_INSTALL_PREFIX=/home/raji/bumperbot_ws/install/bumperbot_firmware
[10.544s] Invoking command in '/home/raji/bumperbot_ws/build/bumperbot_firmware': CMAKE_PREFIX_PATH=${CMAKE_PREFIX_PATH}:/home/raji/ros2_ws/install/my_py_pkg:/opt/ros/humble /usr/bin/cmake --build /home/raji/bumperbot_ws/build/bumperbot_firmware -- -j12 -l12
[10.601s] [ 16%] [32mBuilding CXX object CMakeFiles/simple_serial_transmitter.dir/src/simple_serial_transmitter.cpp.o[0m
[10.601s] [ 33%] [32mBuilding CXX object CMakeFiles/bumperbot_firmware.dir/src/bumperbot_interface.cpp.o[0m
[10.602s] [ 50%] [32mBuilding CXX object CMakeFiles/simple_serial_receiver.dir/src/simple_serial_receiver.cpp.o[0m
[10.712s] [ 50%] Built target ament_cmake_python_copy_bumperbot_firmware
[11.166s] running egg_info
[11.166s] creating bumperbot_firmware.egg-info
[11.166s] writing bumperbot_firmware.egg-info/PKG-INFO
[11.167s] writing dependency_links to bumperbot_firmware.egg-info/dependency_links.txt
[11.167s] writing top-level names to bumperbot_firmware.egg-info/top_level.txt
[11.167s] writing manifest file 'bumperbot_firmware.egg-info/SOURCES.txt'
[11.169s] reading manifest file 'bumperbot_firmware.egg-info/SOURCES.txt'
[11.169s] writing manifest file 'bumperbot_firmware.egg-info/SOURCES.txt'
[11.225s] [ 50%] Built target ament_cmake_python_build_bumperbot_firmware_egg
[55.149s] [ 83%] [32m[1mLinking CXX executable simple_serial_transmitter[0m
[55.169s] [ 83%] [32m[1mLinking CXX shared library libbumperbot_firmware.so[0m
[55.169s] [100%] [32m[1mLinking CXX executable simple_serial_receiver[0m
[58.893s] [100%] Built target bumperbot_firmware
[67.404s] [100%] Built target simple_serial_receiver
[67.405s] [100%] Built target simple_serial_transmitter
[67.406s] Invoked command in '/home/raji/bumperbot_ws/build/bumperbot_firmware' returned '0': CMAKE_PREFIX_PATH=${CMAKE_PREFIX_PATH}:/home/raji/ros2_ws/install/my_py_pkg:/opt/ros/humble /usr/bin/cmake --build /home/raji/bumperbot_ws/build/bumperbot_firmware -- -j12 -l12
[67.407s] Invoking command in '/home/raji/bumperbot_ws/build/bumperbot_firmware': CMAKE_PREFIX_PATH=${CMAKE_PREFIX_PATH}:/home/raji/ros2_ws/install/my_py_pkg:/opt/ros/humble /usr/bin/cmake --install /home/raji/bumperbot_ws/build/bumperbot_firmware
[67.408s] -- Install configuration: ""
[67.408s] -- Installing: /home/raji/bumperbot_ws/install/bumperbot_firmware/share/bumperbot_firmware/environment/pythonpath.sh
[67.409s] -- Installing: /home/raji/bumperbot_ws/install/bumperbot_firmware/share/bumperbot_firmware/environment/pythonpath.dsv
[67.409s] -- Installing: /home/raji/bumperbot_ws/install/bumperbot_firmware/local/lib/python3.10/dist-packages/bumperbot_firmware-0.0.0-py3.10.egg-info
[67.409s] -- Installing: /home/raji/bumperbot_ws/install/bumperbot_firmware/local/lib/python3.10/dist-packages/bumperbot_firmware-0.0.0-py3.10.egg-info/dependency_links.txt
[67.409s] -- Installing: /home/raji/bumperbot_ws/install/bumperbot_firmware/local/lib/python3.10/dist-packages/bumperbot_firmware-0.0.0-py3.10.egg-info/PKG-INFO
[67.409s] -- Installing: /home/raji/bumperbot_ws/install/bumperbot_firmware/local/lib/python3.10/dist-packages/bumperbot_firmware-0.0.0-py3.10.egg-info/top_level.txt
[67.409s] -- Installing: /home/raji/bumperbot_ws/install/bumperbot_firmware/local/lib/python3.10/dist-packages/bumperbot_firmware-0.0.0-py3.10.egg-info/SOURCES.txt
[67.409s] -- Installing: /home/raji/bumperbot_ws/install/bumperbot_firmware/local/lib/python3.10/dist-packages/bumperbot_firmware
[67.409s] -- Installing: /home/raji/bumperbot_ws/install/bumperbot_firmware/local/lib/python3.10/dist-packages/bumperbot_firmware/mpu6050_driver.py
[67.471s] -- Installing: /home/raji/bumperbot_ws/install/bumperbot_firmware/local/lib/python3.10/dist-packages/bumperbot_firmware/simple_serial_transmitter.py
[67.471s] -- Installing: /home/raji/bumperbot_ws/install/bumperbot_firmware/local/lib/python3.10/dist-packages/bumperbot_firmware/__init__.py
[67.472s] -- Installing: /home/raji/bumperbot_ws/install/bumperbot_firmware/local/lib/python3.10/dist-packages/bumperbot_firmware/simple_serial_receiver.py
[67.473s] Listing '/home/raji/bumperbot_ws/install/bumperbot_firmware/local/lib/python3.10/dist-packages/bumperbot_firmware'...
[67.473s] Compiling '/home/raji/bumperbot_ws/install/bumperbot_firmware/local/lib/python3.10/dist-packages/bumperbot_firmware/__init__.py'...
[67.473s] Compiling '/home/raji/bumperbot_ws/install/bumperbot_firmware/local/lib/python3.10/dist-packages/bumperbot_firmware/mpu6050_driver.py'...
[67.473s] Compiling '/home/raji/bumperbot_ws/install/bumperbot_firmware/local/lib/python3.10/dist-packages/bumperbot_firmware/simple_serial_receiver.py'...
[67.473s] Compiling '/home/raji/bumperbot_ws/install/bumperbot_firmware/local/lib/python3.10/dist-packages/bumperbot_firmware/simple_serial_transmitter.py'...
[67.474s] -- Installing: /home/raji/bumperbot_ws/install/bumperbot_firmware/share/bumperbot_firmware/bumperbot_interface.xml
[67.474s] -- Installing: /home/raji/bumperbot_ws/install/bumperbot_firmware/lib/libbumperbot_firmware.so
[67.475s] -- Set runtime path of "/home/raji/bumperbot_ws/install/bumperbot_firmware/lib/libbumperbot_firmware.so" to ""
[67.475s] -- Installing: /home/raji/bumperbot_ws/install/bumperbot_firmware/include/include
[67.475s] -- Installing: /home/raji/bumperbot_ws/install/bumperbot_firmware/include/include/bumperbot_firmware
[67.477s] -- Installing: /home/raji/bumperbot_ws/install/bumperbot_firmware/include/include/bumperbot_firmware/bumperbot_interface.hpp
[67.477s] -- Installing: /home/raji/bumperbot_ws/install/bumperbot_firmware/share/bumperbot_firmware/launch
[67.478s] -- Installing: /home/raji/bumperbot_ws/install/bumperbot_firmware/share/bumperbot_firmware/launch/hardware_interface.launch.py
[67.478s] -- Installing: /home/raji/bumperbot_ws/install/bumperbot_firmware/lib/bumperbot_firmware/simple_serial_transmitter.py
[67.478s] -- Installing: /home/raji/bumperbot_ws/install/bumperbot_firmware/lib/bumperbot_firmware/simple_serial_receiver.py
[67.478s] -- Installing: /home/raji/bumperbot_ws/install/bumperbot_firmware/lib/bumperbot_firmware/mpu6050_driver.py
[67.479s] -- Installing: /home/raji/bumperbot_ws/install/bumperbot_firmware/lib/bumperbot_firmware/simple_serial_receiver
[67.479s] -- Set runtime path of "/home/raji/bumperbot_ws/install/bumperbot_firmware/lib/bumperbot_firmware/simple_serial_receiver" to ""
[67.479s] -- Installing: /home/raji/bumperbot_ws/install/bumperbot_firmware/lib/bumperbot_firmware/simple_serial_transmitter
[67.479s] -- Set runtime path of "/home/raji/bumperbot_ws/install/bumperbot_firmware/lib/bumperbot_firmware/simple_serial_transmitter" to ""
[67.479s] -- Installing: /home/raji/bumperbot_ws/install/bumperbot_firmware/share/bumperbot_firmware/environment/library_path.sh
[67.480s] -- Installing: /home/raji/bumperbot_ws/install/bumperbot_firmware/share/bumperbot_firmware/environment/library_path.dsv
[67.481s] -- Installing: /home/raji/bumperbot_ws/install/bumperbot_firmware/share/ament_index/resource_index/package_run_dependencies/bumperbot_firmware
[67.481s] -- Installing: /home/raji/bumperbot_ws/install/bumperbot_firmware/share/ament_index/resource_index/parent_prefix_path/bumperbot_firmware
[67.481s] -- Installing: /home/raji/bumperbot_ws/install/bumperbot_firmware/share/bumperbot_firmware/environment/ament_prefix_path.sh
[67.481s] -- Installing: /home/raji/bumperbot_ws/install/bumperbot_firmware/share/bumperbot_firmware/environment/ament_prefix_path.dsv
[67.481s] -- Installing: /home/raji/bumperbot_ws/install/bumperbot_firmware/share/bumperbot_firmware/environment/path.sh
[67.482s] -- Installing: /home/raji/bumperbot_ws/install/bumperbot_firmware/share/bumperbot_firmware/environment/path.dsv
[67.482s] -- Installing: /home/raji/bumperbot_ws/install/bumperbot_firmware/share/bumperbot_firmware/local_setup.bash
[67.482s] -- Installing: /home/raji/bumperbot_ws/install/bumperbot_firmware/share/bumperbot_firmware/local_setup.sh
[67.482s] -- Installing: /home/raji/bumperbot_ws/install/bumperbot_firmware/share/bumperbot_firmware/local_setup.zsh
[67.482s] -- Installing: /home/raji/bumperbot_ws/install/bumperbot_firmware/share/bumperbot_firmware/local_setup.dsv
[67.483s] -- Installing: /home/raji/bumperbot_ws/install/bumperbot_firmware/share/bumperbot_firmware/package.dsv
[67.483s] -- Installing: /home/raji/bumperbot_ws/install/bumperbot_firmware/share/ament_index/resource_index/packages/bumperbot_firmware
[67.483s] -- Installing: /home/raji/bumperbot_ws/install/bumperbot_firmware/share/ament_index/resource_index/hardware_interface__pluginlib__plugin/bumperbot_firmware
[67.483s] -- Installing: /home/raji/bumperbot_ws/install/bumperbot_firmware/share/bumperbot_firmware/cmake/ament_cmake_export_include_directories-extras.cmake
[67.484s] -- Installing: /home/raji/bumperbot_ws/install/bumperbot_firmware/share/bumperbot_firmware/cmake/ament_cmake_export_libraries-extras.cmake
[67.484s] -- Installing: /home/raji/bumperbot_ws/install/bumperbot_firmware/share/bumperbot_firmware/cmake/ament_cmake_export_dependencies-extras.cmake
[67.484s] -- Installing: /home/raji/bumperbot_ws/install/bumperbot_firmware/share/bumperbot_firmware/cmake/bumperbot_firmwareConfig.cmake
[67.484s] -- Installing: /home/raji/bumperbot_ws/install/bumperbot_firmware/share/bumperbot_firmware/cmake/bumperbot_firmwareConfig-version.cmake
[67.484s] -- Installing: /home/raji/bumperbot_ws/install/bumperbot_firmware/share/bumperbot_firmware/package.xml
[67.486s] Invoked command in '/home/raji/bumperbot_ws/build/bumperbot_firmware' returned '0': CMAKE_PREFIX_PATH=${CMAKE_PREFIX_PATH}:/home/raji/ros2_ws/install/my_py_pkg:/opt/ros/humble /usr/bin/cmake --install /home/raji/bumperbot_ws/build/bumperbot_firmware
