[0.075s] Invoking command in '/home/raji/bumperbot_ws/build/bumperbot_bringup': CMAKE_PREFIX_PATH=${CMAKE_PREFIX_PATH}:/home/raji/ros2_ws/install/my_py_pkg:/opt/ros/humble /usr/bin/cmake /home/raji/bumperbot_ws/src/bumperbot_bringup -DCMAKE_INSTALL_PREFIX=/home/raji/bumperbot_ws/install/bumperbot_bringup
[1.343s] -- The C compiler identification is GNU 11.4.0
[1.977s] -- The CXX compiler identification is GNU 11.4.0
[2.197s] -- Detecting C compiler ABI info
[2.605s] -- Detecting C compiler ABI info - done
[2.614s] -- Check for working C compiler: /usr/bin/cc - skipped
[2.614s] -- Detecting C compile features
[2.638s] -- Detecting C compile features - done
[2.656s] -- Detecting CXX compiler ABI info
[3.009s] -- Detecting CXX compiler ABI info - done
[3.017s] -- Check for working CXX compiler: /usr/bin/c++ - skipped
[3.017s] -- Detecting CXX compile features
[3.018s] -- Detecting CXX compile features - done
[3.104s] -- Found ament_cmake: 1.3.11 (/opt/ros/humble/share/ament_cmake/cmake)
[3.463s] -- Found Python3: /usr/bin/python3 (found version "3.10.12") found components: Interpreter 
[4.142s] -- Configuring done
[4.152s] -- Generating done
[4.159s] -- Build files have been written to: /home/raji/bumperbot_ws/build/bumperbot_bringup
[4.176s] Invoked command in '/home/raji/bumperbot_ws/build/bumperbot_bringup' returned '0': CMAKE_PREFIX_PATH=${CMAKE_PREFIX_PATH}:/home/raji/ros2_ws/install/my_py_pkg:/opt/ros/humble /usr/bin/cmake /home/raji/bumperbot_ws/src/bumperbot_bringup -DCMAKE_INSTALL_PREFIX=/home/raji/bumperbot_ws/install/bumperbot_bringup
[4.186s] Invoking command in '/home/raji/bumperbot_ws/build/bumperbot_bringup': CMAKE_PREFIX_PATH=${CMAKE_PREFIX_PATH}:/home/raji/ros2_ws/install/my_py_pkg:/opt/ros/humble /usr/bin/cmake --build /home/raji/bumperbot_ws/build/bumperbot_bringup -- -j12 -l12
[4.328s] Invoked command in '/home/raji/bumperbot_ws/build/bumperbot_bringup' returned '0': CMAKE_PREFIX_PATH=${CMAKE_PREFIX_PATH}:/home/raji/ros2_ws/install/my_py_pkg:/opt/ros/humble /usr/bin/cmake --build /home/raji/bumperbot_ws/build/bumperbot_bringup -- -j12 -l12
[4.345s] Invoking command in '/home/raji/bumperbot_ws/build/bumperbot_bringup': CMAKE_PREFIX_PATH=${CMAKE_PREFIX_PATH}:/home/raji/ros2_ws/install/my_py_pkg:/opt/ros/humble /usr/bin/cmake --install /home/raji/bumperbot_ws/build/bumperbot_bringup
[4.357s] -- Install configuration: ""
[4.357s] -- Installing: /home/raji/bumperbot_ws/install/bumperbot_bringup/share/bumperbot_bringup/launch
[4.358s] -- Installing: /home/raji/bumperbot_ws/install/bumperbot_bringup/share/bumperbot_bringup/launch/real_robot.launch.py
[4.389s] -- Installing: /home/raji/bumperbot_ws/install/bumperbot_bringup/share/bumperbot_bringup/launch/simulated_robot.launch.py
[4.394s] -- Installing: /home/raji/bumperbot_ws/install/bumperbot_bringup/share/ament_index/resource_index/package_run_dependencies/bumperbot_bringup
[4.394s] -- Installing: /home/raji/bumperbot_ws/install/bumperbot_bringup/share/ament_index/resource_index/parent_prefix_path/bumperbot_bringup
[4.394s] -- Installing: /home/raji/bumperbot_ws/install/bumperbot_bringup/share/bumperbot_bringup/environment/ament_prefix_path.sh
[4.395s] -- Installing: /home/raji/bumperbot_ws/install/bumperbot_bringup/share/bumperbot_bringup/environment/ament_prefix_path.dsv
[4.395s] -- Installing: /home/raji/bumperbot_ws/install/bumperbot_bringup/share/bumperbot_bringup/environment/path.sh
[4.395s] -- Installing: /home/raji/bumperbot_ws/install/bumperbot_bringup/share/bumperbot_bringup/environment/path.dsv
[4.395s] -- Installing: /home/raji/bumperbot_ws/install/bumperbot_bringup/share/bumperbot_bringup/local_setup.bash
[4.396s] -- Installing: /home/raji/bumperbot_ws/install/bumperbot_bringup/share/bumperbot_bringup/local_setup.sh
[4.396s] -- Installing: /home/raji/bumperbot_ws/install/bumperbot_bringup/share/bumperbot_bringup/local_setup.zsh
[4.396s] -- Installing: /home/raji/bumperbot_ws/install/bumperbot_bringup/share/bumperbot_bringup/local_setup.dsv
[4.396s] -- Installing: /home/raji/bumperbot_ws/install/bumperbot_bringup/share/bumperbot_bringup/package.dsv
[4.396s] -- Installing: /home/raji/bumperbot_ws/install/bumperbot_bringup/share/ament_index/resource_index/packages/bumperbot_bringup
[4.397s] -- Installing: /home/raji/bumperbot_ws/install/bumperbot_bringup/share/bumperbot_bringup/cmake/bumperbot_bringupConfig.cmake
[4.397s] -- Installing: /home/raji/bumperbot_ws/install/bumperbot_bringup/share/bumperbot_bringup/cmake/bumperbot_bringupConfig-version.cmake
[4.397s] -- Installing: /home/raji/bumperbot_ws/install/bumperbot_bringup/share/bumperbot_bringup/package.xml
[4.400s] Invoked command in '/home/raji/bumperbot_ws/build/bumperbot_bringup' returned '0': CMAKE_PREFIX_PATH=${CMAKE_PREFIX_PATH}:/home/raji/ros2_ws/install/my_py_pkg:/opt/ros/humble /usr/bin/cmake --install /home/raji/bumperbot_ws/build/bumperbot_bringup
