[0.775s] DEBUG:colcon:Command line arguments: ['/usr/bin/colcon', 'build']
[0.775s] DEBUG:colcon:Parsed command line arguments: Namespace(log_base=None, log_level=None, verb_name='build', build_base='build', install_base='install', merge_install=False, symlink_install=False, test_result_base=None, continue_on_error=False, executor='parallel', parallel_workers=12, event_handlers=None, ignore_user_meta=False, metas=['./colcon.meta'], base_paths=['.'], packages_ignore=None, packages_ignore_regex=None, paths=None, packages_up_to=None, packages_up_to_regex=None, packages_above=None, packages_above_and_dependencies=None, packages_above_depth=None, packages_select_by_dep=None, packages_skip_by_dep=None, packages_skip_up_to=None, packages_select_build_failed=False, packages_skip_build_finished=False, packages_select_test_failures=False, packages_skip_test_passed=False, packages_select=None, packages_skip=None, packages_select_regex=None, packages_skip_regex=None, packages_start=None, packages_end=None, allow_overriding=[], cmake_args=None, cmake_target=None, cmake_target_skip_unavailable=False, cmake_clean_cache=False, cmake_clean_first=False, cmake_force_configure=False, ament_cmake_args=None, catkin_cmake_args=None, catkin_skip_building_tests=False, verb_parser=<colcon_defaults.argument_parser.defaults.DefaultArgumentsDecorator object at 0x73060233ce50>, verb_extension=<colcon_core.verb.build.BuildVerb object at 0x73060233c880>, main=<bound method BuildVerb.main of <colcon_core.verb.build.BuildVerb object at 0x73060233c880>>)
[4.219s] Level 1:colcon.colcon_core.package_discovery:discover_packages(colcon_meta) check parameters
[4.220s] Level 1:colcon.colcon_core.package_discovery:discover_packages(recursive) check parameters
[4.220s] Level 1:colcon.colcon_core.package_discovery:discover_packages(ignore) check parameters
[4.220s] Level 1:colcon.colcon_core.package_discovery:discover_packages(path) check parameters
[4.220s] Level 1:colcon.colcon_core.package_discovery:discover_packages(colcon_meta) discover
[4.220s] Level 1:colcon.colcon_core.package_discovery:discover_packages(recursive) discover
[4.220s] INFO:colcon.colcon_core.package_discovery:Crawling recursively for packages in '/home/raji/bumperbot_ws'
[4.220s] Level 1:colcon.colcon_core.package_identification:_identify(.) by extensions ['ignore', 'ignore_ament_install']
[4.220s] Level 1:colcon.colcon_core.package_identification:_identify(.) by extension 'ignore'
[4.220s] Level 1:colcon.colcon_core.package_identification:_identify(.) by extension 'ignore_ament_install'
[4.220s] Level 1:colcon.colcon_core.package_identification:_identify(.) by extensions ['colcon_pkg']
[4.220s] Level 1:colcon.colcon_core.package_identification:_identify(.) by extension 'colcon_pkg'
[4.220s] Level 1:colcon.colcon_core.package_identification:_identify(.) by extensions ['colcon_meta']
[4.220s] Level 1:colcon.colcon_core.package_identification:_identify(.) by extension 'colcon_meta'
[4.220s] Level 1:colcon.colcon_core.package_identification:_identify(.) by extensions ['ros']
[4.220s] Level 1:colcon.colcon_core.package_identification:_identify(.) by extension 'ros'
[4.230s] Level 1:colcon.colcon_core.package_identification:_identify(.) by extensions ['cmake', 'python']
[4.230s] Level 1:colcon.colcon_core.package_identification:_identify(.) by extension 'cmake'
[4.230s] Level 1:colcon.colcon_core.package_identification:_identify(.) by extension 'python'
[4.230s] Level 1:colcon.colcon_core.package_identification:_identify(.) by extensions ['python_setup_py']
[4.230s] Level 1:colcon.colcon_core.package_identification:_identify(.) by extension 'python_setup_py'
[4.230s] Level 1:colcon.colcon_core.package_identification:_identify(build) by extensions ['ignore', 'ignore_ament_install']
[4.230s] Level 1:colcon.colcon_core.package_identification:_identify(build) by extension 'ignore'
[4.230s] Level 1:colcon.colcon_core.package_identification:_identify(build) ignored
[4.231s] Level 1:colcon.colcon_core.package_identification:_identify(install) by extensions ['ignore', 'ignore_ament_install']
[4.231s] Level 1:colcon.colcon_core.package_identification:_identify(install) by extension 'ignore'
[4.231s] Level 1:colcon.colcon_core.package_identification:_identify(install) ignored
[4.231s] Level 1:colcon.colcon_core.package_identification:_identify(log) by extensions ['ignore', 'ignore_ament_install']
[4.231s] Level 1:colcon.colcon_core.package_identification:_identify(log) by extension 'ignore'
[4.231s] Level 1:colcon.colcon_core.package_identification:_identify(log) ignored
[4.231s] Level 1:colcon.colcon_core.package_identification:_identify(src) by extensions ['ignore', 'ignore_ament_install']
[4.231s] Level 1:colcon.colcon_core.package_identification:_identify(src) by extension 'ignore'
[4.231s] Level 1:colcon.colcon_core.package_identification:_identify(src) by extension 'ignore_ament_install'
[4.231s] Level 1:colcon.colcon_core.package_identification:_identify(src) by extensions ['colcon_pkg']
[4.231s] Level 1:colcon.colcon_core.package_identification:_identify(src) by extension 'colcon_pkg'
[4.231s] Level 1:colcon.colcon_core.package_identification:_identify(src) by extensions ['colcon_meta']
[4.231s] Level 1:colcon.colcon_core.package_identification:_identify(src) by extension 'colcon_meta'
[4.231s] Level 1:colcon.colcon_core.package_identification:_identify(src) by extensions ['ros']
[4.231s] Level 1:colcon.colcon_core.package_identification:_identify(src) by extension 'ros'
[4.231s] Level 1:colcon.colcon_core.package_identification:_identify(src) by extensions ['cmake', 'python']
[4.231s] Level 1:colcon.colcon_core.package_identification:_identify(src) by extension 'cmake'
[4.231s] Level 1:colcon.colcon_core.package_identification:_identify(src) by extension 'python'
[4.231s] Level 1:colcon.colcon_core.package_identification:_identify(src) by extensions ['python_setup_py']
[4.231s] Level 1:colcon.colcon_core.package_identification:_identify(src) by extension 'python_setup_py'
[4.232s] Level 1:colcon.colcon_core.package_identification:_identify(src/bumperbot_bringup) by extensions ['ignore', 'ignore_ament_install']
[4.232s] Level 1:colcon.colcon_core.package_identification:_identify(src/bumperbot_bringup) by extension 'ignore'
[4.232s] Level 1:colcon.colcon_core.package_identification:_identify(src/bumperbot_bringup) by extension 'ignore_ament_install'
[4.232s] Level 1:colcon.colcon_core.package_identification:_identify(src/bumperbot_bringup) by extensions ['colcon_pkg']
[4.232s] Level 1:colcon.colcon_core.package_identification:_identify(src/bumperbot_bringup) by extension 'colcon_pkg'
[4.232s] Level 1:colcon.colcon_core.package_identification:_identify(src/bumperbot_bringup) by extensions ['colcon_meta']
[4.232s] Level 1:colcon.colcon_core.package_identification:_identify(src/bumperbot_bringup) by extension 'colcon_meta'
[4.232s] Level 1:colcon.colcon_core.package_identification:_identify(src/bumperbot_bringup) by extensions ['ros']
[4.232s] Level 1:colcon.colcon_core.package_identification:_identify(src/bumperbot_bringup) by extension 'ros'
[4.234s] DEBUG:colcon.colcon_core.package_identification:Package 'src/bumperbot_bringup' with type 'ros.ament_cmake' and name 'bumperbot_bringup'
[4.234s] Level 1:colcon.colcon_core.package_identification:_identify(src/bumperbot_controller) by extensions ['ignore', 'ignore_ament_install']
[4.234s] Level 1:colcon.colcon_core.package_identification:_identify(src/bumperbot_controller) by extension 'ignore'
[4.234s] Level 1:colcon.colcon_core.package_identification:_identify(src/bumperbot_controller) by extension 'ignore_ament_install'
[4.234s] Level 1:colcon.colcon_core.package_identification:_identify(src/bumperbot_controller) by extensions ['colcon_pkg']
[4.234s] Level 1:colcon.colcon_core.package_identification:_identify(src/bumperbot_controller) by extension 'colcon_pkg'
[4.234s] Level 1:colcon.colcon_core.package_identification:_identify(src/bumperbot_controller) by extensions ['colcon_meta']
[4.234s] Level 1:colcon.colcon_core.package_identification:_identify(src/bumperbot_controller) by extension 'colcon_meta'
[4.234s] Level 1:colcon.colcon_core.package_identification:_identify(src/bumperbot_controller) by extensions ['ros']
[4.234s] Level 1:colcon.colcon_core.package_identification:_identify(src/bumperbot_controller) by extension 'ros'
[4.235s] DEBUG:colcon.colcon_core.package_identification:Package 'src/bumperbot_controller' with type 'ros.ament_cmake' and name 'bumperbot_controller'
[4.236s] Level 1:colcon.colcon_core.package_identification:_identify(src/bumperbot_cpp_examples) by extensions ['ignore', 'ignore_ament_install']
[4.236s] Level 1:colcon.colcon_core.package_identification:_identify(src/bumperbot_cpp_examples) by extension 'ignore'
[4.236s] Level 1:colcon.colcon_core.package_identification:_identify(src/bumperbot_cpp_examples) by extension 'ignore_ament_install'
[4.236s] Level 1:colcon.colcon_core.package_identification:_identify(src/bumperbot_cpp_examples) by extensions ['colcon_pkg']
[4.236s] Level 1:colcon.colcon_core.package_identification:_identify(src/bumperbot_cpp_examples) by extension 'colcon_pkg'
[4.236s] Level 1:colcon.colcon_core.package_identification:_identify(src/bumperbot_cpp_examples) by extensions ['colcon_meta']
[4.236s] Level 1:colcon.colcon_core.package_identification:_identify(src/bumperbot_cpp_examples) by extension 'colcon_meta'
[4.236s] Level 1:colcon.colcon_core.package_identification:_identify(src/bumperbot_cpp_examples) by extensions ['ros']
[4.236s] Level 1:colcon.colcon_core.package_identification:_identify(src/bumperbot_cpp_examples) by extension 'ros'
[4.237s] DEBUG:colcon.colcon_core.package_identification:Package 'src/bumperbot_cpp_examples' with type 'ros.ament_cmake' and name 'bumperbot_cpp_examples'
[4.237s] Level 1:colcon.colcon_core.package_identification:_identify(src/bumperbot_description) by extensions ['ignore', 'ignore_ament_install']
[4.237s] Level 1:colcon.colcon_core.package_identification:_identify(src/bumperbot_description) by extension 'ignore'
[4.237s] Level 1:colcon.colcon_core.package_identification:_identify(src/bumperbot_description) by extension 'ignore_ament_install'
[4.237s] Level 1:colcon.colcon_core.package_identification:_identify(src/bumperbot_description) by extensions ['colcon_pkg']
[4.237s] Level 1:colcon.colcon_core.package_identification:_identify(src/bumperbot_description) by extension 'colcon_pkg'
[4.237s] Level 1:colcon.colcon_core.package_identification:_identify(src/bumperbot_description) by extensions ['colcon_meta']
[4.237s] Level 1:colcon.colcon_core.package_identification:_identify(src/bumperbot_description) by extension 'colcon_meta'
[4.237s] Level 1:colcon.colcon_core.package_identification:_identify(src/bumperbot_description) by extensions ['ros']
[4.237s] Level 1:colcon.colcon_core.package_identification:_identify(src/bumperbot_description) by extension 'ros'
[4.239s] DEBUG:colcon.colcon_core.package_identification:Package 'src/bumperbot_description' with type 'ros.ament_cmake' and name 'bumperbot_description'
[4.239s] Level 1:colcon.colcon_core.package_identification:_identify(src/bumperbot_firmware) by extensions ['ignore', 'ignore_ament_install']
[4.239s] Level 1:colcon.colcon_core.package_identification:_identify(src/bumperbot_firmware) by extension 'ignore'
[4.239s] Level 1:colcon.colcon_core.package_identification:_identify(src/bumperbot_firmware) by extension 'ignore_ament_install'
[4.239s] Level 1:colcon.colcon_core.package_identification:_identify(src/bumperbot_firmware) by extensions ['colcon_pkg']
[4.239s] Level 1:colcon.colcon_core.package_identification:_identify(src/bumperbot_firmware) by extension 'colcon_pkg'
[4.239s] Level 1:colcon.colcon_core.package_identification:_identify(src/bumperbot_firmware) by extensions ['colcon_meta']
[4.239s] Level 1:colcon.colcon_core.package_identification:_identify(src/bumperbot_firmware) by extension 'colcon_meta'
[4.239s] Level 1:colcon.colcon_core.package_identification:_identify(src/bumperbot_firmware) by extensions ['ros']
[4.240s] Level 1:colcon.colcon_core.package_identification:_identify(src/bumperbot_firmware) by extension 'ros'
[4.240s] DEBUG:colcon.colcon_core.package_identification:Package 'src/bumperbot_firmware' with type 'ros.ament_cmake' and name 'bumperbot_firmware'
[4.240s] Level 1:colcon.colcon_core.package_identification:_identify(src/bumperbot_localization) by extensions ['ignore', 'ignore_ament_install']
[4.240s] Level 1:colcon.colcon_core.package_identification:_identify(src/bumperbot_localization) by extension 'ignore'
[4.241s] Level 1:colcon.colcon_core.package_identification:_identify(src/bumperbot_localization) by extension 'ignore_ament_install'
[4.241s] Level 1:colcon.colcon_core.package_identification:_identify(src/bumperbot_localization) by extensions ['colcon_pkg']
[4.241s] Level 1:colcon.colcon_core.package_identification:_identify(src/bumperbot_localization) by extension 'colcon_pkg'
[4.241s] Level 1:colcon.colcon_core.package_identification:_identify(src/bumperbot_localization) by extensions ['colcon_meta']
[4.241s] Level 1:colcon.colcon_core.package_identification:_identify(src/bumperbot_localization) by extension 'colcon_meta'
[4.241s] Level 1:colcon.colcon_core.package_identification:_identify(src/bumperbot_localization) by extensions ['ros']
[4.241s] Level 1:colcon.colcon_core.package_identification:_identify(src/bumperbot_localization) by extension 'ros'
[4.241s] DEBUG:colcon.colcon_core.package_identification:Package 'src/bumperbot_localization' with type 'ros.ament_cmake' and name 'bumperbot_localization'
[4.241s] Level 1:colcon.colcon_core.package_identification:_identify(src/bumperbot_msgs) by extensions ['ignore', 'ignore_ament_install']
[4.242s] Level 1:colcon.colcon_core.package_identification:_identify(src/bumperbot_msgs) by extension 'ignore'
[4.242s] Level 1:colcon.colcon_core.package_identification:_identify(src/bumperbot_msgs) by extension 'ignore_ament_install'
[4.242s] Level 1:colcon.colcon_core.package_identification:_identify(src/bumperbot_msgs) by extensions ['colcon_pkg']
[4.242s] Level 1:colcon.colcon_core.package_identification:_identify(src/bumperbot_msgs) by extension 'colcon_pkg'
[4.242s] Level 1:colcon.colcon_core.package_identification:_identify(src/bumperbot_msgs) by extensions ['colcon_meta']
[4.242s] Level 1:colcon.colcon_core.package_identification:_identify(src/bumperbot_msgs) by extension 'colcon_meta'
[4.242s] Level 1:colcon.colcon_core.package_identification:_identify(src/bumperbot_msgs) by extensions ['ros']
[4.242s] Level 1:colcon.colcon_core.package_identification:_identify(src/bumperbot_msgs) by extension 'ros'
[4.242s] DEBUG:colcon.colcon_core.package_identification:Package 'src/bumperbot_msgs' with type 'ros.ament_cmake' and name 'bumperbot_msgs'
[4.242s] Level 1:colcon.colcon_core.package_identification:_identify(src/bumperbot_py_examples) by extensions ['ignore', 'ignore_ament_install']
[4.242s] Level 1:colcon.colcon_core.package_identification:_identify(src/bumperbot_py_examples) by extension 'ignore'
[4.242s] Level 1:colcon.colcon_core.package_identification:_identify(src/bumperbot_py_examples) by extension 'ignore_ament_install'
[4.243s] Level 1:colcon.colcon_core.package_identification:_identify(src/bumperbot_py_examples) by extensions ['colcon_pkg']
[4.243s] Level 1:colcon.colcon_core.package_identification:_identify(src/bumperbot_py_examples) by extension 'colcon_pkg'
[4.243s] Level 1:colcon.colcon_core.package_identification:_identify(src/bumperbot_py_examples) by extensions ['colcon_meta']
[4.243s] Level 1:colcon.colcon_core.package_identification:_identify(src/bumperbot_py_examples) by extension 'colcon_meta'
[4.243s] Level 1:colcon.colcon_core.package_identification:_identify(src/bumperbot_py_examples) by extensions ['ros']
[4.243s] Level 1:colcon.colcon_core.package_identification:_identify(src/bumperbot_py_examples) by extension 'ros'
[4.244s] DEBUG:colcon.colcon_core.package_identification:Package 'src/bumperbot_py_examples' with type 'ros.ament_python' and name 'bumperbot_py_examples'
[4.244s] Level 1:colcon.colcon_core.package_discovery:discover_packages(recursive) using defaults
[4.244s] Level 1:colcon.colcon_core.package_discovery:discover_packages(ignore) discover
[4.244s] Level 1:colcon.colcon_core.package_discovery:discover_packages(ignore) using defaults
[4.244s] Level 1:colcon.colcon_core.package_discovery:discover_packages(path) discover
[4.244s] Level 1:colcon.colcon_core.package_discovery:discover_packages(path) using defaults
[4.432s] Level 1:colcon.colcon_core.package_discovery:discover_packages(prefix_path) check parameters
[4.432s] Level 1:colcon.colcon_core.package_discovery:discover_packages(prefix_path) discover
[4.458s] DEBUG:colcon.colcon_installed_package_information.package_discovery:Found 2 installed packages in /home/raji/ros2_ws/install
[4.460s] DEBUG:colcon.colcon_installed_package_information.package_discovery:Found 324 installed packages in /opt/ros/humble
[4.461s] Level 1:colcon.colcon_core.package_discovery:discover_packages(prefix_path) using defaults
[6.730s] Level 5:colcon.colcon_core.verb:set package 'bumperbot_bringup' build argument 'cmake_args' from command line to 'None'
[6.730s] Level 5:colcon.colcon_core.verb:set package 'bumperbot_bringup' build argument 'cmake_target' from command line to 'None'
[6.731s] Level 5:colcon.colcon_core.verb:set package 'bumperbot_bringup' build argument 'cmake_target_skip_unavailable' from command line to 'False'
[6.731s] Level 5:colcon.colcon_core.verb:set package 'bumperbot_bringup' build argument 'cmake_clean_cache' from command line to 'False'
[6.731s] Level 5:colcon.colcon_core.verb:set package 'bumperbot_bringup' build argument 'cmake_clean_first' from command line to 'False'
[6.731s] Level 5:colcon.colcon_core.verb:set package 'bumperbot_bringup' build argument 'cmake_force_configure' from command line to 'False'
[6.731s] Level 5:colcon.colcon_core.verb:set package 'bumperbot_bringup' build argument 'ament_cmake_args' from command line to 'None'
[6.731s] Level 5:colcon.colcon_core.verb:set package 'bumperbot_bringup' build argument 'catkin_cmake_args' from command line to 'None'
[6.731s] Level 5:colcon.colcon_core.verb:set package 'bumperbot_bringup' build argument 'catkin_skip_building_tests' from command line to 'False'
[6.731s] DEBUG:colcon.colcon_core.verb:Building package 'bumperbot_bringup' with the following arguments: {'ament_cmake_args': None, 'build_base': '/home/raji/bumperbot_ws/build/bumperbot_bringup', 'catkin_cmake_args': None, 'catkin_skip_building_tests': False, 'cmake_args': None, 'cmake_clean_cache': False, 'cmake_clean_first': False, 'cmake_force_configure': False, 'cmake_target': None, 'cmake_target_skip_unavailable': False, 'install_base': '/home/raji/bumperbot_ws/install/bumperbot_bringup', 'merge_install': False, 'path': '/home/raji/bumperbot_ws/src/bumperbot_bringup', 'symlink_install': False, 'test_result_base': None}
[6.731s] Level 5:colcon.colcon_core.verb:set package 'bumperbot_controller' build argument 'cmake_args' from command line to 'None'
[6.731s] Level 5:colcon.colcon_core.verb:set package 'bumperbot_controller' build argument 'cmake_target' from command line to 'None'
[6.731s] Level 5:colcon.colcon_core.verb:set package 'bumperbot_controller' build argument 'cmake_target_skip_unavailable' from command line to 'False'
[6.731s] Level 5:colcon.colcon_core.verb:set package 'bumperbot_controller' build argument 'cmake_clean_cache' from command line to 'False'
[6.731s] Level 5:colcon.colcon_core.verb:set package 'bumperbot_controller' build argument 'cmake_clean_first' from command line to 'False'
[6.731s] Level 5:colcon.colcon_core.verb:set package 'bumperbot_controller' build argument 'cmake_force_configure' from command line to 'False'
[6.731s] Level 5:colcon.colcon_core.verb:set package 'bumperbot_controller' build argument 'ament_cmake_args' from command line to 'None'
[6.731s] Level 5:colcon.colcon_core.verb:set package 'bumperbot_controller' build argument 'catkin_cmake_args' from command line to 'None'
[6.731s] Level 5:colcon.colcon_core.verb:set package 'bumperbot_controller' build argument 'catkin_skip_building_tests' from command line to 'False'
[6.731s] DEBUG:colcon.colcon_core.verb:Building package 'bumperbot_controller' with the following arguments: {'ament_cmake_args': None, 'build_base': '/home/raji/bumperbot_ws/build/bumperbot_controller', 'catkin_cmake_args': None, 'catkin_skip_building_tests': False, 'cmake_args': None, 'cmake_clean_cache': False, 'cmake_clean_first': False, 'cmake_force_configure': False, 'cmake_target': None, 'cmake_target_skip_unavailable': False, 'install_base': '/home/raji/bumperbot_ws/install/bumperbot_controller', 'merge_install': False, 'path': '/home/raji/bumperbot_ws/src/bumperbot_controller', 'symlink_install': False, 'test_result_base': None}
[6.732s] Level 5:colcon.colcon_core.verb:set package 'bumperbot_description' build argument 'cmake_args' from command line to 'None'
[6.732s] Level 5:colcon.colcon_core.verb:set package 'bumperbot_description' build argument 'cmake_target' from command line to 'None'
[6.732s] Level 5:colcon.colcon_core.verb:set package 'bumperbot_description' build argument 'cmake_target_skip_unavailable' from command line to 'False'
[6.732s] Level 5:colcon.colcon_core.verb:set package 'bumperbot_description' build argument 'cmake_clean_cache' from command line to 'False'
[6.732s] Level 5:colcon.colcon_core.verb:set package 'bumperbot_description' build argument 'cmake_clean_first' from command line to 'False'
[6.732s] Level 5:colcon.colcon_core.verb:set package 'bumperbot_description' build argument 'cmake_force_configure' from command line to 'False'
[6.732s] Level 5:colcon.colcon_core.verb:set package 'bumperbot_description' build argument 'ament_cmake_args' from command line to 'None'
[6.732s] Level 5:colcon.colcon_core.verb:set package 'bumperbot_description' build argument 'catkin_cmake_args' from command line to 'None'
[6.732s] Level 5:colcon.colcon_core.verb:set package 'bumperbot_description' build argument 'catkin_skip_building_tests' from command line to 'False'
[6.732s] DEBUG:colcon.colcon_core.verb:Building package 'bumperbot_description' with the following arguments: {'ament_cmake_args': None, 'build_base': '/home/raji/bumperbot_ws/build/bumperbot_description', 'catkin_cmake_args': None, 'catkin_skip_building_tests': False, 'cmake_args': None, 'cmake_clean_cache': False, 'cmake_clean_first': False, 'cmake_force_configure': False, 'cmake_target': None, 'cmake_target_skip_unavailable': False, 'install_base': '/home/raji/bumperbot_ws/install/bumperbot_description', 'merge_install': False, 'path': '/home/raji/bumperbot_ws/src/bumperbot_description', 'symlink_install': False, 'test_result_base': None}
[6.732s] Level 5:colcon.colcon_core.verb:set package 'bumperbot_firmware' build argument 'cmake_args' from command line to 'None'
[6.732s] Level 5:colcon.colcon_core.verb:set package 'bumperbot_firmware' build argument 'cmake_target' from command line to 'None'
[6.732s] Level 5:colcon.colcon_core.verb:set package 'bumperbot_firmware' build argument 'cmake_target_skip_unavailable' from command line to 'False'
[6.732s] Level 5:colcon.colcon_core.verb:set package 'bumperbot_firmware' build argument 'cmake_clean_cache' from command line to 'False'
[6.732s] Level 5:colcon.colcon_core.verb:set package 'bumperbot_firmware' build argument 'cmake_clean_first' from command line to 'False'
[6.732s] Level 5:colcon.colcon_core.verb:set package 'bumperbot_firmware' build argument 'cmake_force_configure' from command line to 'False'
[6.732s] Level 5:colcon.colcon_core.verb:set package 'bumperbot_firmware' build argument 'ament_cmake_args' from command line to 'None'
[6.732s] Level 5:colcon.colcon_core.verb:set package 'bumperbot_firmware' build argument 'catkin_cmake_args' from command line to 'None'
[6.732s] Level 5:colcon.colcon_core.verb:set package 'bumperbot_firmware' build argument 'catkin_skip_building_tests' from command line to 'False'
[6.732s] DEBUG:colcon.colcon_core.verb:Building package 'bumperbot_firmware' with the following arguments: {'ament_cmake_args': None, 'build_base': '/home/raji/bumperbot_ws/build/bumperbot_firmware', 'catkin_cmake_args': None, 'catkin_skip_building_tests': False, 'cmake_args': None, 'cmake_clean_cache': False, 'cmake_clean_first': False, 'cmake_force_configure': False, 'cmake_target': None, 'cmake_target_skip_unavailable': False, 'install_base': '/home/raji/bumperbot_ws/install/bumperbot_firmware', 'merge_install': False, 'path': '/home/raji/bumperbot_ws/src/bumperbot_firmware', 'symlink_install': False, 'test_result_base': None}
[6.733s] Level 5:colcon.colcon_core.verb:set package 'bumperbot_localization' build argument 'cmake_args' from command line to 'None'
[6.733s] Level 5:colcon.colcon_core.verb:set package 'bumperbot_localization' build argument 'cmake_target' from command line to 'None'
[6.733s] Level 5:colcon.colcon_core.verb:set package 'bumperbot_localization' build argument 'cmake_target_skip_unavailable' from command line to 'False'
[6.733s] Level 5:colcon.colcon_core.verb:set package 'bumperbot_localization' build argument 'cmake_clean_cache' from command line to 'False'
[6.733s] Level 5:colcon.colcon_core.verb:set package 'bumperbot_localization' build argument 'cmake_clean_first' from command line to 'False'
[6.733s] Level 5:colcon.colcon_core.verb:set package 'bumperbot_localization' build argument 'cmake_force_configure' from command line to 'False'
[6.733s] Level 5:colcon.colcon_core.verb:set package 'bumperbot_localization' build argument 'ament_cmake_args' from command line to 'None'
[6.733s] Level 5:colcon.colcon_core.verb:set package 'bumperbot_localization' build argument 'catkin_cmake_args' from command line to 'None'
[6.733s] Level 5:colcon.colcon_core.verb:set package 'bumperbot_localization' build argument 'catkin_skip_building_tests' from command line to 'False'
[6.733s] DEBUG:colcon.colcon_core.verb:Building package 'bumperbot_localization' with the following arguments: {'ament_cmake_args': None, 'build_base': '/home/raji/bumperbot_ws/build/bumperbot_localization', 'catkin_cmake_args': None, 'catkin_skip_building_tests': False, 'cmake_args': None, 'cmake_clean_cache': False, 'cmake_clean_first': False, 'cmake_force_configure': False, 'cmake_target': None, 'cmake_target_skip_unavailable': False, 'install_base': '/home/raji/bumperbot_ws/install/bumperbot_localization', 'merge_install': False, 'path': '/home/raji/bumperbot_ws/src/bumperbot_localization', 'symlink_install': False, 'test_result_base': None}
[6.733s] Level 5:colcon.colcon_core.verb:set package 'bumperbot_msgs' build argument 'cmake_args' from command line to 'None'
[6.733s] Level 5:colcon.colcon_core.verb:set package 'bumperbot_msgs' build argument 'cmake_target' from command line to 'None'
[6.733s] Level 5:colcon.colcon_core.verb:set package 'bumperbot_msgs' build argument 'cmake_target_skip_unavailable' from command line to 'False'
[6.733s] Level 5:colcon.colcon_core.verb:set package 'bumperbot_msgs' build argument 'cmake_clean_cache' from command line to 'False'
[6.733s] Level 5:colcon.colcon_core.verb:set package 'bumperbot_msgs' build argument 'cmake_clean_first' from command line to 'False'
[6.733s] Level 5:colcon.colcon_core.verb:set package 'bumperbot_msgs' build argument 'cmake_force_configure' from command line to 'False'
[6.733s] Level 5:colcon.colcon_core.verb:set package 'bumperbot_msgs' build argument 'ament_cmake_args' from command line to 'None'
[6.733s] Level 5:colcon.colcon_core.verb:set package 'bumperbot_msgs' build argument 'catkin_cmake_args' from command line to 'None'
[6.733s] Level 5:colcon.colcon_core.verb:set package 'bumperbot_msgs' build argument 'catkin_skip_building_tests' from command line to 'False'
[6.733s] DEBUG:colcon.colcon_core.verb:Building package 'bumperbot_msgs' with the following arguments: {'ament_cmake_args': None, 'build_base': '/home/raji/bumperbot_ws/build/bumperbot_msgs', 'catkin_cmake_args': None, 'catkin_skip_building_tests': False, 'cmake_args': None, 'cmake_clean_cache': False, 'cmake_clean_first': False, 'cmake_force_configure': False, 'cmake_target': None, 'cmake_target_skip_unavailable': False, 'install_base': '/home/raji/bumperbot_ws/install/bumperbot_msgs', 'merge_install': False, 'path': '/home/raji/bumperbot_ws/src/bumperbot_msgs', 'symlink_install': False, 'test_result_base': None}
[6.734s] Level 5:colcon.colcon_core.verb:set package 'bumperbot_cpp_examples' build argument 'cmake_args' from command line to 'None'
[6.734s] Level 5:colcon.colcon_core.verb:set package 'bumperbot_cpp_examples' build argument 'cmake_target' from command line to 'None'
[6.734s] Level 5:colcon.colcon_core.verb:set package 'bumperbot_cpp_examples' build argument 'cmake_target_skip_unavailable' from command line to 'False'
[6.734s] Level 5:colcon.colcon_core.verb:set package 'bumperbot_cpp_examples' build argument 'cmake_clean_cache' from command line to 'False'
[6.734s] Level 5:colcon.colcon_core.verb:set package 'bumperbot_cpp_examples' build argument 'cmake_clean_first' from command line to 'False'
[6.734s] Level 5:colcon.colcon_core.verb:set package 'bumperbot_cpp_examples' build argument 'cmake_force_configure' from command line to 'False'
[6.734s] Level 5:colcon.colcon_core.verb:set package 'bumperbot_cpp_examples' build argument 'ament_cmake_args' from command line to 'None'
[6.734s] Level 5:colcon.colcon_core.verb:set package 'bumperbot_cpp_examples' build argument 'catkin_cmake_args' from command line to 'None'
[6.734s] Level 5:colcon.colcon_core.verb:set package 'bumperbot_cpp_examples' build argument 'catkin_skip_building_tests' from command line to 'False'
[6.734s] DEBUG:colcon.colcon_core.verb:Building package 'bumperbot_cpp_examples' with the following arguments: {'ament_cmake_args': None, 'build_base': '/home/raji/bumperbot_ws/build/bumperbot_cpp_examples', 'catkin_cmake_args': None, 'catkin_skip_building_tests': False, 'cmake_args': None, 'cmake_clean_cache': False, 'cmake_clean_first': False, 'cmake_force_configure': False, 'cmake_target': None, 'cmake_target_skip_unavailable': False, 'install_base': '/home/raji/bumperbot_ws/install/bumperbot_cpp_examples', 'merge_install': False, 'path': '/home/raji/bumperbot_ws/src/bumperbot_cpp_examples', 'symlink_install': False, 'test_result_base': None}
[6.734s] Level 5:colcon.colcon_core.verb:set package 'bumperbot_py_examples' build argument 'cmake_args' from command line to 'None'
[6.734s] Level 5:colcon.colcon_core.verb:set package 'bumperbot_py_examples' build argument 'cmake_target' from command line to 'None'
[6.734s] Level 5:colcon.colcon_core.verb:set package 'bumperbot_py_examples' build argument 'cmake_target_skip_unavailable' from command line to 'False'
[6.734s] Level 5:colcon.colcon_core.verb:set package 'bumperbot_py_examples' build argument 'cmake_clean_cache' from command line to 'False'
[6.734s] Level 5:colcon.colcon_core.verb:set package 'bumperbot_py_examples' build argument 'cmake_clean_first' from command line to 'False'
[6.734s] Level 5:colcon.colcon_core.verb:set package 'bumperbot_py_examples' build argument 'cmake_force_configure' from command line to 'False'
[6.734s] Level 5:colcon.colcon_core.verb:set package 'bumperbot_py_examples' build argument 'ament_cmake_args' from command line to 'None'
[6.734s] Level 5:colcon.colcon_core.verb:set package 'bumperbot_py_examples' build argument 'catkin_cmake_args' from command line to 'None'
[6.734s] Level 5:colcon.colcon_core.verb:set package 'bumperbot_py_examples' build argument 'catkin_skip_building_tests' from command line to 'False'
[6.734s] DEBUG:colcon.colcon_core.verb:Building package 'bumperbot_py_examples' with the following arguments: {'ament_cmake_args': None, 'build_base': '/home/raji/bumperbot_ws/build/bumperbot_py_examples', 'catkin_cmake_args': None, 'catkin_skip_building_tests': False, 'cmake_args': None, 'cmake_clean_cache': False, 'cmake_clean_first': False, 'cmake_force_configure': False, 'cmake_target': None, 'cmake_target_skip_unavailable': False, 'install_base': '/home/raji/bumperbot_ws/install/bumperbot_py_examples', 'merge_install': False, 'path': '/home/raji/bumperbot_ws/src/bumperbot_py_examples', 'symlink_install': False, 'test_result_base': None}
[6.735s] INFO:colcon.colcon_core.executor:Executing jobs using 'parallel' executor
[6.736s] DEBUG:colcon.colcon_parallel_executor.executor.parallel:run_until_complete
[6.736s] INFO:colcon.colcon_ros.task.ament_cmake.build:Building ROS package in '/home/raji/bumperbot_ws/src/bumperbot_msgs' with build type 'ament_cmake'
[6.736s] INFO:colcon.colcon_cmake.task.cmake.build:Building CMake package in '/home/raji/bumperbot_ws/src/bumperbot_msgs'
[6.782s] INFO:colcon.colcon_core.plugin_system:Skipping extension 'colcon_core.shell.bat': Not used on non-Windows systems
[6.783s] INFO:colcon.colcon_core.shell:Skip shell extension 'powershell' for command environment: Not usable outside of PowerShell
[6.783s] DEBUG:colcon.colcon_core.shell:Skip shell extension 'dsv' for command environment
[6.809s] INFO:colcon.colcon_ros.task.ament_cmake.build:Building ROS package in '/home/raji/bumperbot_ws/src/bumperbot_bringup' with build type 'ament_cmake'
[6.810s] INFO:colcon.colcon_cmake.task.cmake.build:Building CMake package in '/home/raji/bumperbot_ws/src/bumperbot_bringup'
[6.810s] INFO:colcon.colcon_core.shell:Skip shell extension 'powershell' for command environment: Not usable outside of PowerShell
[6.810s] DEBUG:colcon.colcon_core.shell:Skip shell extension 'dsv' for command environment
[6.820s] INFO:colcon.colcon_ros.task.ament_cmake.build:Building ROS package in '/home/raji/bumperbot_ws/src/bumperbot_controller' with build type 'ament_cmake'
[6.820s] INFO:colcon.colcon_cmake.task.cmake.build:Building CMake package in '/home/raji/bumperbot_ws/src/bumperbot_controller'
[6.821s] INFO:colcon.colcon_core.shell:Skip shell extension 'powershell' for command environment: Not usable outside of PowerShell
[6.821s] DEBUG:colcon.colcon_core.shell:Skip shell extension 'dsv' for command environment
[6.830s] INFO:colcon.colcon_ros.task.ament_cmake.build:Building ROS package in '/home/raji/bumperbot_ws/src/bumperbot_description' with build type 'ament_cmake'
[6.831s] INFO:colcon.colcon_cmake.task.cmake.build:Building CMake package in '/home/raji/bumperbot_ws/src/bumperbot_description'
[6.831s] INFO:colcon.colcon_core.shell:Skip shell extension 'powershell' for command environment: Not usable outside of PowerShell
[6.831s] DEBUG:colcon.colcon_core.shell:Skip shell extension 'dsv' for command environment
[6.841s] INFO:colcon.colcon_ros.task.ament_cmake.build:Building ROS package in '/home/raji/bumperbot_ws/src/bumperbot_firmware' with build type 'ament_cmake'
[6.841s] INFO:colcon.colcon_cmake.task.cmake.build:Building CMake package in '/home/raji/bumperbot_ws/src/bumperbot_firmware'
[6.841s] INFO:colcon.colcon_core.shell:Skip shell extension 'powershell' for command environment: Not usable outside of PowerShell
[6.842s] DEBUG:colcon.colcon_core.shell:Skip shell extension 'dsv' for command environment
[6.850s] INFO:colcon.colcon_ros.task.ament_cmake.build:Building ROS package in '/home/raji/bumperbot_ws/src/bumperbot_localization' with build type 'ament_cmake'
[6.851s] INFO:colcon.colcon_cmake.task.cmake.build:Building CMake package in '/home/raji/bumperbot_ws/src/bumperbot_localization'
[6.851s] INFO:colcon.colcon_core.shell:Skip shell extension 'powershell' for command environment: Not usable outside of PowerShell
[6.852s] DEBUG:colcon.colcon_core.shell:Skip shell extension 'dsv' for command environment
[6.882s] DEBUG:colcon.colcon_core.event_handler.log_command:Invoking command in '/home/raji/bumperbot_ws/build/bumperbot_msgs': CMAKE_PREFIX_PATH=${CMAKE_PREFIX_PATH}:/home/raji/ros2_ws/install/my_py_pkg:/opt/ros/humble /usr/bin/cmake /home/raji/bumperbot_ws/src/bumperbot_msgs -DCMAKE_INSTALL_PREFIX=/home/raji/bumperbot_ws/install/bumperbot_msgs
[6.886s] DEBUG:colcon.colcon_core.event_handler.log_command:Invoking command in '/home/raji/bumperbot_ws/build/bumperbot_bringup': CMAKE_PREFIX_PATH=${CMAKE_PREFIX_PATH}:/home/raji/ros2_ws/install/my_py_pkg:/opt/ros/humble /usr/bin/cmake /home/raji/bumperbot_ws/src/bumperbot_bringup -DCMAKE_INSTALL_PREFIX=/home/raji/bumperbot_ws/install/bumperbot_bringup
[6.888s] DEBUG:colcon.colcon_core.event_handler.log_command:Invoking command in '/home/raji/bumperbot_ws/build/bumperbot_controller': CMAKE_PREFIX_PATH=${CMAKE_PREFIX_PATH}:/home/raji/ros2_ws/install/my_py_pkg:/opt/ros/humble /usr/bin/cmake /home/raji/bumperbot_ws/src/bumperbot_controller -DCMAKE_INSTALL_PREFIX=/home/raji/bumperbot_ws/install/bumperbot_controller
[6.891s] DEBUG:colcon.colcon_core.event_handler.log_command:Invoking command in '/home/raji/bumperbot_ws/build/bumperbot_description': CMAKE_PREFIX_PATH=${CMAKE_PREFIX_PATH}:/home/raji/ros2_ws/install/my_py_pkg:/opt/ros/humble /usr/bin/cmake /home/raji/bumperbot_ws/src/bumperbot_description -DCMAKE_INSTALL_PREFIX=/home/raji/bumperbot_ws/install/bumperbot_description
[6.894s] DEBUG:colcon.colcon_core.event_handler.log_command:Invoking command in '/home/raji/bumperbot_ws/build/bumperbot_firmware': CMAKE_PREFIX_PATH=${CMAKE_PREFIX_PATH}:/home/raji/ros2_ws/install/my_py_pkg:/opt/ros/humble /usr/bin/cmake /home/raji/bumperbot_ws/src/bumperbot_firmware -DCMAKE_INSTALL_PREFIX=/home/raji/bumperbot_ws/install/bumperbot_firmware
[6.898s] DEBUG:colcon.colcon_core.event_handler.log_command:Invoking command in '/home/raji/bumperbot_ws/build/bumperbot_localization': CMAKE_PREFIX_PATH=${CMAKE_PREFIX_PATH}:/home/raji/ros2_ws/install/my_py_pkg:/opt/ros/humble /usr/bin/cmake /home/raji/bumperbot_ws/src/bumperbot_localization -DCMAKE_INSTALL_PREFIX=/home/raji/bumperbot_ws/install/bumperbot_localization
[10.987s] DEBUG:colcon.colcon_core.event_handler.log_command:Invoked command in '/home/raji/bumperbot_ws/build/bumperbot_bringup' returned '0': CMAKE_PREFIX_PATH=${CMAKE_PREFIX_PATH}:/home/raji/ros2_ws/install/my_py_pkg:/opt/ros/humble /usr/bin/cmake /home/raji/bumperbot_ws/src/bumperbot_bringup -DCMAKE_INSTALL_PREFIX=/home/raji/bumperbot_ws/install/bumperbot_bringup
[10.999s] DEBUG:colcon.colcon_core.event_handler.log_command:Invoking command in '/home/raji/bumperbot_ws/build/bumperbot_bringup': CMAKE_PREFIX_PATH=${CMAKE_PREFIX_PATH}:/home/raji/ros2_ws/install/my_py_pkg:/opt/ros/humble /usr/bin/cmake --build /home/raji/bumperbot_ws/build/bumperbot_bringup -- -j12 -l12
[11.139s] DEBUG:colcon.colcon_core.event_handler.log_command:Invoked command in '/home/raji/bumperbot_ws/build/bumperbot_bringup' returned '0': CMAKE_PREFIX_PATH=${CMAKE_PREFIX_PATH}:/home/raji/ros2_ws/install/my_py_pkg:/opt/ros/humble /usr/bin/cmake --build /home/raji/bumperbot_ws/build/bumperbot_bringup -- -j12 -l12
[11.157s] DEBUG:colcon.colcon_core.event_handler.log_command:Invoking command in '/home/raji/bumperbot_ws/build/bumperbot_bringup': CMAKE_PREFIX_PATH=${CMAKE_PREFIX_PATH}:/home/raji/ros2_ws/install/my_py_pkg:/opt/ros/humble /usr/bin/cmake --install /home/raji/bumperbot_ws/build/bumperbot_bringup
[11.210s] Level 1:colcon.colcon_core.environment:create_environment_scripts_only(bumperbot_bringup)
[11.211s] DEBUG:colcon.colcon_core.event_handler.log_command:Invoked command in '/home/raji/bumperbot_ws/build/bumperbot_bringup' returned '0': CMAKE_PREFIX_PATH=${CMAKE_PREFIX_PATH}:/home/raji/ros2_ws/install/my_py_pkg:/opt/ros/humble /usr/bin/cmake --install /home/raji/bumperbot_ws/build/bumperbot_bringup
[11.320s] Level 1:colcon.colcon_core.environment:checking '/home/raji/bumperbot_ws/install/bumperbot_bringup' for CMake module files
[11.321s] Level 1:colcon.colcon_core.environment:checking '/home/raji/bumperbot_ws/install/bumperbot_bringup' for CMake config files
[11.322s] Level 1:colcon.colcon_core.shell:create_environment_hook('bumperbot_bringup', 'cmake_prefix_path')
[11.322s] INFO:colcon.colcon_core.shell:Creating environment hook '/home/raji/bumperbot_ws/install/bumperbot_bringup/share/bumperbot_bringup/hook/cmake_prefix_path.ps1'
[11.357s] INFO:colcon.colcon_core.shell:Creating environment descriptor '/home/raji/bumperbot_ws/install/bumperbot_bringup/share/bumperbot_bringup/hook/cmake_prefix_path.dsv'
[11.383s] INFO:colcon.colcon_core.shell:Creating environment hook '/home/raji/bumperbot_ws/install/bumperbot_bringup/share/bumperbot_bringup/hook/cmake_prefix_path.sh'
[11.387s] Level 1:colcon.colcon_core.environment:checking '/home/raji/bumperbot_ws/install/bumperbot_bringup/bin'
[11.387s] Level 1:colcon.colcon_core.environment:checking '/home/raji/bumperbot_ws/install/bumperbot_bringup/lib/pkgconfig/bumperbot_bringup.pc'
[11.388s] Level 1:colcon.colcon_core.environment:checking '/home/raji/bumperbot_ws/install/bumperbot_bringup/lib/python3.10/site-packages'
[11.389s] Level 1:colcon.colcon_core.environment:checking '/home/raji/bumperbot_ws/install/bumperbot_bringup/bin'
[11.390s] INFO:colcon.colcon_core.shell:Creating package script '/home/raji/bumperbot_ws/install/bumperbot_bringup/share/bumperbot_bringup/package.ps1'
[11.393s] INFO:colcon.colcon_core.shell:Creating package descriptor '/home/raji/bumperbot_ws/install/bumperbot_bringup/share/bumperbot_bringup/package.dsv'
[11.408s] INFO:colcon.colcon_core.shell:Creating package script '/home/raji/bumperbot_ws/install/bumperbot_bringup/share/bumperbot_bringup/package.sh'
[11.412s] INFO:colcon.colcon_core.shell:Creating package script '/home/raji/bumperbot_ws/install/bumperbot_bringup/share/bumperbot_bringup/package.bash'
[11.432s] INFO:colcon.colcon_core.shell:Creating package script '/home/raji/bumperbot_ws/install/bumperbot_bringup/share/bumperbot_bringup/package.zsh'
[11.446s] Level 1:colcon.colcon_core.environment:create_file_with_runtime_dependencies(/home/raji/bumperbot_ws/install/bumperbot_bringup/share/colcon-core/packages/bumperbot_bringup)
[11.448s] Level 1:colcon.colcon_core.environment:create_environment_scripts_only(bumperbot_bringup)
[11.449s] Level 1:colcon.colcon_core.environment:checking '/home/raji/bumperbot_ws/install/bumperbot_bringup' for CMake module files
[11.450s] Level 1:colcon.colcon_core.environment:checking '/home/raji/bumperbot_ws/install/bumperbot_bringup' for CMake config files
[11.451s] Level 1:colcon.colcon_core.shell:create_environment_hook('bumperbot_bringup', 'cmake_prefix_path')
[11.451s] INFO:colcon.colcon_core.shell:Creating environment hook '/home/raji/bumperbot_ws/install/bumperbot_bringup/share/bumperbot_bringup/hook/cmake_prefix_path.ps1'
[11.452s] INFO:colcon.colcon_core.shell:Creating environment descriptor '/home/raji/bumperbot_ws/install/bumperbot_bringup/share/bumperbot_bringup/hook/cmake_prefix_path.dsv'
[11.453s] INFO:colcon.colcon_core.shell:Creating environment hook '/home/raji/bumperbot_ws/install/bumperbot_bringup/share/bumperbot_bringup/hook/cmake_prefix_path.sh'
[11.454s] Level 1:colcon.colcon_core.environment:checking '/home/raji/bumperbot_ws/install/bumperbot_bringup/bin'
[11.455s] Level 1:colcon.colcon_core.environment:checking '/home/raji/bumperbot_ws/install/bumperbot_bringup/lib/pkgconfig/bumperbot_bringup.pc'
[11.455s] Level 1:colcon.colcon_core.environment:checking '/home/raji/bumperbot_ws/install/bumperbot_bringup/lib/python3.10/site-packages'
[11.456s] Level 1:colcon.colcon_core.environment:checking '/home/raji/bumperbot_ws/install/bumperbot_bringup/bin'
[11.457s] INFO:colcon.colcon_core.shell:Creating package script '/home/raji/bumperbot_ws/install/bumperbot_bringup/share/bumperbot_bringup/package.ps1'
[11.459s] INFO:colcon.colcon_core.shell:Creating package descriptor '/home/raji/bumperbot_ws/install/bumperbot_bringup/share/bumperbot_bringup/package.dsv'
[11.461s] INFO:colcon.colcon_core.shell:Creating package script '/home/raji/bumperbot_ws/install/bumperbot_bringup/share/bumperbot_bringup/package.sh'
[11.462s] INFO:colcon.colcon_core.shell:Creating package script '/home/raji/bumperbot_ws/install/bumperbot_bringup/share/bumperbot_bringup/package.bash'
[11.463s] INFO:colcon.colcon_core.shell:Creating package script '/home/raji/bumperbot_ws/install/bumperbot_bringup/share/bumperbot_bringup/package.zsh'
[11.466s] Level 1:colcon.colcon_core.environment:create_file_with_runtime_dependencies(/home/raji/bumperbot_ws/install/bumperbot_bringup/share/colcon-core/packages/bumperbot_bringup)
[11.758s] DEBUG:colcon.colcon_core.event_handler.log_command:Invoked command in '/home/raji/bumperbot_ws/build/bumperbot_description' returned '0': CMAKE_PREFIX_PATH=${CMAKE_PREFIX_PATH}:/home/raji/ros2_ws/install/my_py_pkg:/opt/ros/humble /usr/bin/cmake /home/raji/bumperbot_ws/src/bumperbot_description -DCMAKE_INSTALL_PREFIX=/home/raji/bumperbot_ws/install/bumperbot_description
[11.760s] DEBUG:colcon.colcon_core.event_handler.log_command:Invoking command in '/home/raji/bumperbot_ws/build/bumperbot_description': CMAKE_PREFIX_PATH=${CMAKE_PREFIX_PATH}:/home/raji/ros2_ws/install/my_py_pkg:/opt/ros/humble /usr/bin/cmake --build /home/raji/bumperbot_ws/build/bumperbot_description -- -j12 -l12
[11.794s] DEBUG:colcon.colcon_core.event_handler.log_command:Invoked command in '/home/raji/bumperbot_ws/build/bumperbot_description' returned '0': CMAKE_PREFIX_PATH=${CMAKE_PREFIX_PATH}:/home/raji/ros2_ws/install/my_py_pkg:/opt/ros/humble /usr/bin/cmake --build /home/raji/bumperbot_ws/build/bumperbot_description -- -j12 -l12
[11.796s] DEBUG:colcon.colcon_core.event_handler.log_command:Invoking command in '/home/raji/bumperbot_ws/build/bumperbot_description': CMAKE_PREFIX_PATH=${CMAKE_PREFIX_PATH}:/home/raji/ros2_ws/install/my_py_pkg:/opt/ros/humble /usr/bin/cmake --install /home/raji/bumperbot_ws/build/bumperbot_description
[12.310s] Level 1:colcon.colcon_core.environment:create_environment_scripts_only(bumperbot_description)
[12.311s] Level 1:colcon.colcon_core.environment:checking '/home/raji/bumperbot_ws/install/bumperbot_description' for CMake module files
[12.314s] DEBUG:colcon.colcon_core.event_handler.log_command:Invoked command in '/home/raji/bumperbot_ws/build/bumperbot_description' returned '0': CMAKE_PREFIX_PATH=${CMAKE_PREFIX_PATH}:/home/raji/ros2_ws/install/my_py_pkg:/opt/ros/humble /usr/bin/cmake --install /home/raji/bumperbot_ws/build/bumperbot_description
[12.316s] Level 1:colcon.colcon_core.environment:checking '/home/raji/bumperbot_ws/install/bumperbot_description' for CMake config files
[12.318s] Level 1:colcon.colcon_core.shell:create_environment_hook('bumperbot_description', 'cmake_prefix_path')
[12.320s] INFO:colcon.colcon_core.shell:Creating environment hook '/home/raji/bumperbot_ws/install/bumperbot_description/share/bumperbot_description/hook/cmake_prefix_path.ps1'
[12.322s] INFO:colcon.colcon_core.shell:Creating environment descriptor '/home/raji/bumperbot_ws/install/bumperbot_description/share/bumperbot_description/hook/cmake_prefix_path.dsv'
[12.323s] INFO:colcon.colcon_core.shell:Creating environment hook '/home/raji/bumperbot_ws/install/bumperbot_description/share/bumperbot_description/hook/cmake_prefix_path.sh'
[12.326s] Level 1:colcon.colcon_core.environment:checking '/home/raji/bumperbot_ws/install/bumperbot_description/bin'
[12.327s] Level 1:colcon.colcon_core.environment:checking '/home/raji/bumperbot_ws/install/bumperbot_description/lib/pkgconfig/bumperbot_description.pc'
[12.327s] Level 1:colcon.colcon_core.environment:checking '/home/raji/bumperbot_ws/install/bumperbot_description/lib/python3.10/site-packages'
[12.328s] Level 1:colcon.colcon_core.environment:checking '/home/raji/bumperbot_ws/install/bumperbot_description/bin'
[12.329s] INFO:colcon.colcon_core.shell:Creating package script '/home/raji/bumperbot_ws/install/bumperbot_description/share/bumperbot_description/package.ps1'
[12.330s] INFO:colcon.colcon_core.shell:Creating package descriptor '/home/raji/bumperbot_ws/install/bumperbot_description/share/bumperbot_description/package.dsv'
[12.331s] INFO:colcon.colcon_core.shell:Creating package script '/home/raji/bumperbot_ws/install/bumperbot_description/share/bumperbot_description/package.sh'
[12.332s] INFO:colcon.colcon_core.shell:Creating package script '/home/raji/bumperbot_ws/install/bumperbot_description/share/bumperbot_description/package.bash'
[12.333s] INFO:colcon.colcon_core.shell:Creating package script '/home/raji/bumperbot_ws/install/bumperbot_description/share/bumperbot_description/package.zsh'
[12.334s] Level 1:colcon.colcon_core.environment:create_file_with_runtime_dependencies(/home/raji/bumperbot_ws/install/bumperbot_description/share/colcon-core/packages/bumperbot_description)
[12.335s] Level 1:colcon.colcon_core.environment:create_environment_scripts_only(bumperbot_description)
[12.335s] Level 1:colcon.colcon_core.environment:checking '/home/raji/bumperbot_ws/install/bumperbot_description' for CMake module files
[12.336s] Level 1:colcon.colcon_core.environment:checking '/home/raji/bumperbot_ws/install/bumperbot_description' for CMake config files
[12.336s] Level 1:colcon.colcon_core.shell:create_environment_hook('bumperbot_description', 'cmake_prefix_path')
[12.337s] INFO:colcon.colcon_core.shell:Creating environment hook '/home/raji/bumperbot_ws/install/bumperbot_description/share/bumperbot_description/hook/cmake_prefix_path.ps1'
[12.337s] INFO:colcon.colcon_core.shell:Creating environment descriptor '/home/raji/bumperbot_ws/install/bumperbot_description/share/bumperbot_description/hook/cmake_prefix_path.dsv'
[12.337s] INFO:colcon.colcon_core.shell:Creating environment hook '/home/raji/bumperbot_ws/install/bumperbot_description/share/bumperbot_description/hook/cmake_prefix_path.sh'
[12.338s] Level 1:colcon.colcon_core.environment:checking '/home/raji/bumperbot_ws/install/bumperbot_description/bin'
[12.338s] Level 1:colcon.colcon_core.environment:checking '/home/raji/bumperbot_ws/install/bumperbot_description/lib/pkgconfig/bumperbot_description.pc'
[12.339s] Level 1:colcon.colcon_core.environment:checking '/home/raji/bumperbot_ws/install/bumperbot_description/lib/python3.10/site-packages'
[12.339s] Level 1:colcon.colcon_core.environment:checking '/home/raji/bumperbot_ws/install/bumperbot_description/bin'
[12.339s] INFO:colcon.colcon_core.shell:Creating package script '/home/raji/bumperbot_ws/install/bumperbot_description/share/bumperbot_description/package.ps1'
[12.340s] INFO:colcon.colcon_core.shell:Creating package descriptor '/home/raji/bumperbot_ws/install/bumperbot_description/share/bumperbot_description/package.dsv'
[12.340s] INFO:colcon.colcon_core.shell:Creating package script '/home/raji/bumperbot_ws/install/bumperbot_description/share/bumperbot_description/package.sh'
[12.341s] INFO:colcon.colcon_core.shell:Creating package script '/home/raji/bumperbot_ws/install/bumperbot_description/share/bumperbot_description/package.bash'
[12.341s] INFO:colcon.colcon_core.shell:Creating package script '/home/raji/bumperbot_ws/install/bumperbot_description/share/bumperbot_description/package.zsh'
[12.342s] Level 1:colcon.colcon_core.environment:create_file_with_runtime_dependencies(/home/raji/bumperbot_ws/install/bumperbot_description/share/colcon-core/packages/bumperbot_description)
[13.705s] DEBUG:colcon.colcon_core.event_handler.log_command:Invoked command in '/home/raji/bumperbot_ws/build/bumperbot_localization' returned '0': CMAKE_PREFIX_PATH=${CMAKE_PREFIX_PATH}:/home/raji/ros2_ws/install/my_py_pkg:/opt/ros/humble /usr/bin/cmake /home/raji/bumperbot_ws/src/bumperbot_localization -DCMAKE_INSTALL_PREFIX=/home/raji/bumperbot_ws/install/bumperbot_localization
[13.707s] DEBUG:colcon.colcon_core.event_handler.log_command:Invoking command in '/home/raji/bumperbot_ws/build/bumperbot_localization': CMAKE_PREFIX_PATH=${CMAKE_PREFIX_PATH}:/home/raji/ros2_ws/install/my_py_pkg:/opt/ros/humble /usr/bin/cmake --build /home/raji/bumperbot_ws/build/bumperbot_localization -- -j12 -l12
[14.285s] DEBUG:colcon.colcon_core.event_handler.log_command:Invoked command in '/home/raji/bumperbot_ws/build/bumperbot_msgs' returned '0': CMAKE_PREFIX_PATH=${CMAKE_PREFIX_PATH}:/home/raji/ros2_ws/install/my_py_pkg:/opt/ros/humble /usr/bin/cmake /home/raji/bumperbot_ws/src/bumperbot_msgs -DCMAKE_INSTALL_PREFIX=/home/raji/bumperbot_ws/install/bumperbot_msgs
[14.286s] DEBUG:colcon.colcon_core.event_handler.log_command:Invoking command in '/home/raji/bumperbot_ws/build/bumperbot_msgs': CMAKE_PREFIX_PATH=${CMAKE_PREFIX_PATH}:/home/raji/ros2_ws/install/my_py_pkg:/opt/ros/humble /usr/bin/cmake --build /home/raji/bumperbot_ws/build/bumperbot_msgs -- -j12 -l12
[14.821s] DEBUG:colcon.colcon_core.event_handler.log_command:Invoked command in '/home/raji/bumperbot_ws/build/bumperbot_controller' returned '0': CMAKE_PREFIX_PATH=${CMAKE_PREFIX_PATH}:/home/raji/ros2_ws/install/my_py_pkg:/opt/ros/humble /usr/bin/cmake /home/raji/bumperbot_ws/src/bumperbot_controller -DCMAKE_INSTALL_PREFIX=/home/raji/bumperbot_ws/install/bumperbot_controller
[14.821s] DEBUG:colcon.colcon_core.event_handler.log_command:Invoking command in '/home/raji/bumperbot_ws/build/bumperbot_controller': CMAKE_PREFIX_PATH=${CMAKE_PREFIX_PATH}:/home/raji/ros2_ws/install/my_py_pkg:/opt/ros/humble /usr/bin/cmake --build /home/raji/bumperbot_ws/build/bumperbot_controller -- -j12 -l12
[17.384s] DEBUG:colcon.colcon_core.event_handler.log_command:Invoked command in '/home/raji/bumperbot_ws/build/bumperbot_firmware' returned '0': CMAKE_PREFIX_PATH=${CMAKE_PREFIX_PATH}:/home/raji/ros2_ws/install/my_py_pkg:/opt/ros/humble /usr/bin/cmake /home/raji/bumperbot_ws/src/bumperbot_firmware -DCMAKE_INSTALL_PREFIX=/home/raji/bumperbot_ws/install/bumperbot_firmware
[17.386s] DEBUG:colcon.colcon_core.event_handler.log_command:Invoking command in '/home/raji/bumperbot_ws/build/bumperbot_firmware': CMAKE_PREFIX_PATH=${CMAKE_PREFIX_PATH}:/home/raji/ros2_ws/install/my_py_pkg:/opt/ros/humble /usr/bin/cmake --build /home/raji/bumperbot_ws/build/bumperbot_firmware -- -j12 -l12
[27.180s] DEBUG:colcon.colcon_core.event_handler.log_command:Invoked command in '/home/raji/bumperbot_ws/build/bumperbot_msgs' returned '0': CMAKE_PREFIX_PATH=${CMAKE_PREFIX_PATH}:/home/raji/ros2_ws/install/my_py_pkg:/opt/ros/humble /usr/bin/cmake --build /home/raji/bumperbot_ws/build/bumperbot_msgs -- -j12 -l12
[27.186s] DEBUG:colcon.colcon_core.event_handler.log_command:Invoking command in '/home/raji/bumperbot_ws/build/bumperbot_msgs': CMAKE_PREFIX_PATH=${CMAKE_PREFIX_PATH}:/home/raji/ros2_ws/install/my_py_pkg:/opt/ros/humble /usr/bin/cmake --install /home/raji/bumperbot_ws/build/bumperbot_msgs
[29.230s] Level 1:colcon.colcon_core.environment:create_environment_scripts_only(bumperbot_msgs)
[29.231s] DEBUG:colcon.colcon_core.event_handler.log_command:Invoked command in '/home/raji/bumperbot_ws/build/bumperbot_msgs' returned '0': CMAKE_PREFIX_PATH=${CMAKE_PREFIX_PATH}:/home/raji/ros2_ws/install/my_py_pkg:/opt/ros/humble /usr/bin/cmake --install /home/raji/bumperbot_ws/build/bumperbot_msgs
[29.231s] Level 1:colcon.colcon_core.environment:checking '/home/raji/bumperbot_ws/install/bumperbot_msgs' for CMake module files
[29.232s] Level 1:colcon.colcon_core.environment:checking '/home/raji/bumperbot_ws/install/bumperbot_msgs' for CMake config files
[29.233s] Level 1:colcon.colcon_core.shell:create_environment_hook('bumperbot_msgs', 'cmake_prefix_path')
[29.233s] INFO:colcon.colcon_core.shell:Creating environment hook '/home/raji/bumperbot_ws/install/bumperbot_msgs/share/bumperbot_msgs/hook/cmake_prefix_path.ps1'
[29.234s] INFO:colcon.colcon_core.shell:Creating environment descriptor '/home/raji/bumperbot_ws/install/bumperbot_msgs/share/bumperbot_msgs/hook/cmake_prefix_path.dsv'
[29.234s] INFO:colcon.colcon_core.shell:Creating environment hook '/home/raji/bumperbot_ws/install/bumperbot_msgs/share/bumperbot_msgs/hook/cmake_prefix_path.sh'
[29.235s] Level 1:colcon.colcon_core.environment:checking '/home/raji/bumperbot_ws/install/bumperbot_msgs/lib'
[29.235s] Level 1:colcon.colcon_core.shell:create_environment_hook('bumperbot_msgs', 'ld_library_path_lib')
[29.235s] INFO:colcon.colcon_core.shell:Creating environment hook '/home/raji/bumperbot_ws/install/bumperbot_msgs/share/bumperbot_msgs/hook/ld_library_path_lib.ps1'
[29.236s] INFO:colcon.colcon_core.shell:Creating environment descriptor '/home/raji/bumperbot_ws/install/bumperbot_msgs/share/bumperbot_msgs/hook/ld_library_path_lib.dsv'
[29.236s] INFO:colcon.colcon_core.shell:Creating environment hook '/home/raji/bumperbot_ws/install/bumperbot_msgs/share/bumperbot_msgs/hook/ld_library_path_lib.sh'
[29.236s] Level 1:colcon.colcon_core.environment:checking '/home/raji/bumperbot_ws/install/bumperbot_msgs/bin'
[29.236s] Level 1:colcon.colcon_core.environment:checking '/home/raji/bumperbot_ws/install/bumperbot_msgs/lib/pkgconfig/bumperbot_msgs.pc'
[29.237s] Level 1:colcon.colcon_core.environment:checking '/home/raji/bumperbot_ws/install/bumperbot_msgs/lib/python3.10/site-packages'
[29.237s] Level 1:colcon.colcon_core.environment:checking '/home/raji/bumperbot_ws/install/bumperbot_msgs/bin'
[29.237s] INFO:colcon.colcon_core.shell:Creating package script '/home/raji/bumperbot_ws/install/bumperbot_msgs/share/bumperbot_msgs/package.ps1'
[29.237s] INFO:colcon.colcon_core.shell:Creating package descriptor '/home/raji/bumperbot_ws/install/bumperbot_msgs/share/bumperbot_msgs/package.dsv'
[29.296s] INFO:colcon.colcon_core.shell:Creating package script '/home/raji/bumperbot_ws/install/bumperbot_msgs/share/bumperbot_msgs/package.sh'
[29.297s] INFO:colcon.colcon_core.shell:Creating package script '/home/raji/bumperbot_ws/install/bumperbot_msgs/share/bumperbot_msgs/package.bash'
[29.297s] INFO:colcon.colcon_core.shell:Creating package script '/home/raji/bumperbot_ws/install/bumperbot_msgs/share/bumperbot_msgs/package.zsh'
[29.298s] Level 1:colcon.colcon_core.environment:create_file_with_runtime_dependencies(/home/raji/bumperbot_ws/install/bumperbot_msgs/share/colcon-core/packages/bumperbot_msgs)
[29.298s] Level 1:colcon.colcon_core.environment:create_environment_scripts_only(bumperbot_msgs)
[29.298s] Level 1:colcon.colcon_core.environment:checking '/home/raji/bumperbot_ws/install/bumperbot_msgs' for CMake module files
[29.299s] Level 1:colcon.colcon_core.environment:checking '/home/raji/bumperbot_ws/install/bumperbot_msgs' for CMake config files
[29.299s] Level 1:colcon.colcon_core.shell:create_environment_hook('bumperbot_msgs', 'cmake_prefix_path')
[29.300s] INFO:colcon.colcon_core.shell:Creating environment hook '/home/raji/bumperbot_ws/install/bumperbot_msgs/share/bumperbot_msgs/hook/cmake_prefix_path.ps1'
[29.478s] INFO:colcon.colcon_core.shell:Creating environment descriptor '/home/raji/bumperbot_ws/install/bumperbot_msgs/share/bumperbot_msgs/hook/cmake_prefix_path.dsv'
[29.480s] INFO:colcon.colcon_core.shell:Creating environment hook '/home/raji/bumperbot_ws/install/bumperbot_msgs/share/bumperbot_msgs/hook/cmake_prefix_path.sh'
[29.693s] Level 1:colcon.colcon_core.environment:checking '/home/raji/bumperbot_ws/install/bumperbot_msgs/lib'
[29.693s] Level 1:colcon.colcon_core.shell:create_environment_hook('bumperbot_msgs', 'ld_library_path_lib')
[29.694s] INFO:colcon.colcon_core.shell:Creating environment hook '/home/raji/bumperbot_ws/install/bumperbot_msgs/share/bumperbot_msgs/hook/ld_library_path_lib.ps1'
[29.910s] INFO:colcon.colcon_core.shell:Creating environment descriptor '/home/raji/bumperbot_ws/install/bumperbot_msgs/share/bumperbot_msgs/hook/ld_library_path_lib.dsv'
[29.921s] INFO:colcon.colcon_core.shell:Creating environment hook '/home/raji/bumperbot_ws/install/bumperbot_msgs/share/bumperbot_msgs/hook/ld_library_path_lib.sh'
[29.923s] Level 1:colcon.colcon_core.environment:checking '/home/raji/bumperbot_ws/install/bumperbot_msgs/bin'
[29.923s] Level 1:colcon.colcon_core.environment:checking '/home/raji/bumperbot_ws/install/bumperbot_msgs/lib/pkgconfig/bumperbot_msgs.pc'
[29.923s] Level 1:colcon.colcon_core.environment:checking '/home/raji/bumperbot_ws/install/bumperbot_msgs/lib/python3.10/site-packages'
[29.923s] Level 1:colcon.colcon_core.environment:checking '/home/raji/bumperbot_ws/install/bumperbot_msgs/bin'
[29.924s] INFO:colcon.colcon_core.shell:Creating package script '/home/raji/bumperbot_ws/install/bumperbot_msgs/share/bumperbot_msgs/package.ps1'
[29.938s] INFO:colcon.colcon_core.shell:Creating package descriptor '/home/raji/bumperbot_ws/install/bumperbot_msgs/share/bumperbot_msgs/package.dsv'
[30.143s] INFO:colcon.colcon_core.shell:Creating package script '/home/raji/bumperbot_ws/install/bumperbot_msgs/share/bumperbot_msgs/package.sh'
[30.435s] INFO:colcon.colcon_core.shell:Creating package script '/home/raji/bumperbot_ws/install/bumperbot_msgs/share/bumperbot_msgs/package.bash'
[30.834s] INFO:colcon.colcon_core.shell:Creating package script '/home/raji/bumperbot_ws/install/bumperbot_msgs/share/bumperbot_msgs/package.zsh'
[30.836s] Level 1:colcon.colcon_core.environment:create_file_with_runtime_dependencies(/home/raji/bumperbot_ws/install/bumperbot_msgs/share/colcon-core/packages/bumperbot_msgs)
[30.837s] INFO:colcon.colcon_ros.task.ament_cmake.build:Building ROS package in '/home/raji/bumperbot_ws/src/bumperbot_cpp_examples' with build type 'ament_cmake'
[30.838s] INFO:colcon.colcon_cmake.task.cmake.build:Building CMake package in '/home/raji/bumperbot_ws/src/bumperbot_cpp_examples'
[30.839s] INFO:colcon.colcon_core.shell:Skip shell extension 'powershell' for command environment: Not usable outside of PowerShell
[30.839s] DEBUG:colcon.colcon_core.shell:Skip shell extension 'dsv' for command environment
[30.852s] INFO:colcon.colcon_ros.task.ament_python.build:Building ROS package in '/home/raji/bumperbot_ws/src/bumperbot_py_examples' with build type 'ament_python'
[30.853s] Level 1:colcon.colcon_core.shell:create_environment_hook('bumperbot_py_examples', 'ament_prefix_path')
[30.853s] INFO:colcon.colcon_core.shell:Creating environment hook '/home/raji/bumperbot_ws/install/bumperbot_py_examples/share/bumperbot_py_examples/hook/ament_prefix_path.ps1'
[30.856s] INFO:colcon.colcon_core.shell:Creating environment descriptor '/home/raji/bumperbot_ws/install/bumperbot_py_examples/share/bumperbot_py_examples/hook/ament_prefix_path.dsv'
[30.857s] INFO:colcon.colcon_core.shell:Creating environment hook '/home/raji/bumperbot_ws/install/bumperbot_py_examples/share/bumperbot_py_examples/hook/ament_prefix_path.sh'
[30.859s] INFO:colcon.colcon_core.shell:Skip shell extension 'powershell' for command environment: Not usable outside of PowerShell
[30.859s] DEBUG:colcon.colcon_core.shell:Skip shell extension 'dsv' for command environment
[34.969s] INFO:colcon.colcon_core.task.python.build:Building Python package in '/home/raji/bumperbot_ws/src/bumperbot_py_examples'
[34.970s] INFO:colcon.colcon_core.shell:Skip shell extension 'powershell' for command environment: Not usable outside of PowerShell
[34.970s] DEBUG:colcon.colcon_core.shell:Skip shell extension 'dsv' for command environment
[35.352s] DEBUG:colcon.colcon_core.event_handler.log_command:Invoking command in '/home/raji/bumperbot_ws/build/bumperbot_cpp_examples': AMENT_PREFIX_PATH=/home/raji/bumperbot_ws/install/bumperbot_msgs:${AMENT_PREFIX_PATH} CMAKE_PREFIX_PATH=/home/raji/bumperbot_ws/install/bumperbot_msgs:/home/raji/ros2_ws/install/my_cpp_pkg:/home/raji/ros2_ws/install/my_py_pkg:/opt/ros/humble LD_LIBRARY_PATH=/home/raji/bumperbot_ws/install/bumperbot_msgs/lib:${LD_LIBRARY_PATH} PYTHONPATH=/home/raji/bumperbot_ws/install/bumperbot_msgs/local/lib/python3.10/dist-packages:${PYTHONPATH} /usr/bin/cmake /home/raji/bumperbot_ws/src/bumperbot_cpp_examples -DCMAKE_INSTALL_PREFIX=/home/raji/bumperbot_ws/install/bumperbot_cpp_examples
[67.229s] Level 1:colcon.colcon_core.environment:create_environment_scripts_only(bumperbot_firmware)
[67.229s] Level 1:colcon.colcon_core.environment:checking '/home/raji/bumperbot_ws/install/bumperbot_firmware' for CMake module files
[67.230s] Level 1:colcon.colcon_core.environment:checking '/home/raji/bumperbot_ws/install/bumperbot_firmware' for CMake config files
[67.230s] Level 1:colcon.colcon_core.shell:create_environment_hook('bumperbot_firmware', 'cmake_prefix_path')
[67.230s] INFO:colcon.colcon_core.shell:Creating environment hook '/home/raji/bumperbot_ws/install/bumperbot_firmware/share/bumperbot_firmware/hook/cmake_prefix_path.ps1'
[67.231s] INFO:colcon.colcon_core.shell:Creating environment descriptor '/home/raji/bumperbot_ws/install/bumperbot_firmware/share/bumperbot_firmware/hook/cmake_prefix_path.dsv'
[67.231s] INFO:colcon.colcon_core.shell:Creating environment hook '/home/raji/bumperbot_ws/install/bumperbot_firmware/share/bumperbot_firmware/hook/cmake_prefix_path.sh'
[67.231s] Level 1:colcon.colcon_core.environment:checking '/home/raji/bumperbot_ws/install/bumperbot_firmware/lib'
[67.231s] Level 1:colcon.colcon_core.shell:create_environment_hook('bumperbot_firmware', 'ld_library_path_lib')
[67.232s] INFO:colcon.colcon_core.shell:Creating environment hook '/home/raji/bumperbot_ws/install/bumperbot_firmware/share/bumperbot_firmware/hook/ld_library_path_lib.ps1'
[67.232s] INFO:colcon.colcon_core.shell:Creating environment descriptor '/home/raji/bumperbot_ws/install/bumperbot_firmware/share/bumperbot_firmware/hook/ld_library_path_lib.dsv'
[67.232s] INFO:colcon.colcon_core.shell:Creating environment hook '/home/raji/bumperbot_ws/install/bumperbot_firmware/share/bumperbot_firmware/hook/ld_library_path_lib.sh'
[67.232s] Level 1:colcon.colcon_core.environment:checking '/home/raji/bumperbot_ws/install/bumperbot_firmware/bin'
[67.232s] Level 1:colcon.colcon_core.environment:checking '/home/raji/bumperbot_ws/install/bumperbot_firmware/lib/pkgconfig/bumperbot_firmware.pc'
[67.233s] Level 1:colcon.colcon_core.environment:checking '/home/raji/bumperbot_ws/install/bumperbot_firmware/lib/python3.10/site-packages'
[67.233s] Level 1:colcon.colcon_core.environment:checking '/home/raji/bumperbot_ws/install/bumperbot_firmware/bin'
[67.233s] INFO:colcon.colcon_core.shell:Creating package script '/home/raji/bumperbot_ws/install/bumperbot_firmware/share/bumperbot_firmware/package.ps1'
[67.234s] INFO:colcon.colcon_core.shell:Creating package descriptor '/home/raji/bumperbot_ws/install/bumperbot_firmware/share/bumperbot_firmware/package.dsv'
[67.234s] INFO:colcon.colcon_core.shell:Creating package script '/home/raji/bumperbot_ws/install/bumperbot_firmware/share/bumperbot_firmware/package.sh'
[67.235s] INFO:colcon.colcon_core.shell:Creating package script '/home/raji/bumperbot_ws/install/bumperbot_firmware/share/bumperbot_firmware/package.bash'
[67.235s] INFO:colcon.colcon_core.shell:Creating package script '/home/raji/bumperbot_ws/install/bumperbot_firmware/share/bumperbot_firmware/package.zsh'
[67.235s] Level 1:colcon.colcon_core.environment:create_file_with_runtime_dependencies(/home/raji/bumperbot_ws/install/bumperbot_firmware/share/colcon-core/packages/bumperbot_firmware)
[67.236s] Level 1:colcon.colcon_core.environment:create_environment_scripts_only(bumperbot_firmware)
[67.236s] Level 1:colcon.colcon_core.environment:checking '/home/raji/bumperbot_ws/install/bumperbot_firmware' for CMake module files
[67.236s] Level 1:colcon.colcon_core.environment:checking '/home/raji/bumperbot_ws/install/bumperbot_firmware' for CMake config files
[67.237s] Level 1:colcon.colcon_core.shell:create_environment_hook('bumperbot_firmware', 'cmake_prefix_path')
[67.237s] INFO:colcon.colcon_core.shell:Creating environment hook '/home/raji/bumperbot_ws/install/bumperbot_firmware/share/bumperbot_firmware/hook/cmake_prefix_path.ps1'
[67.237s] INFO:colcon.colcon_core.shell:Creating environment descriptor '/home/raji/bumperbot_ws/install/bumperbot_firmware/share/bumperbot_firmware/hook/cmake_prefix_path.dsv'
[67.237s] INFO:colcon.colcon_core.shell:Creating environment hook '/home/raji/bumperbot_ws/install/bumperbot_firmware/share/bumperbot_firmware/hook/cmake_prefix_path.sh'
[67.238s] Level 1:colcon.colcon_core.environment:checking '/home/raji/bumperbot_ws/install/bumperbot_firmware/lib'
[67.238s] Level 1:colcon.colcon_core.shell:create_environment_hook('bumperbot_firmware', 'ld_library_path_lib')
[67.238s] INFO:colcon.colcon_core.shell:Creating environment hook '/home/raji/bumperbot_ws/install/bumperbot_firmware/share/bumperbot_firmware/hook/ld_library_path_lib.ps1'
[67.242s] INFO:colcon.colcon_core.shell:Creating environment descriptor '/home/raji/bumperbot_ws/install/bumperbot_firmware/share/bumperbot_firmware/hook/ld_library_path_lib.dsv'
[67.242s] INFO:colcon.colcon_core.shell:Creating environment hook '/home/raji/bumperbot_ws/install/bumperbot_firmware/share/bumperbot_firmware/hook/ld_library_path_lib.sh'
[67.242s] Level 1:colcon.colcon_core.environment:checking '/home/raji/bumperbot_ws/install/bumperbot_firmware/bin'
[67.242s] Level 1:colcon.colcon_core.environment:checking '/home/raji/bumperbot_ws/install/bumperbot_firmware/lib/pkgconfig/bumperbot_firmware.pc'
[67.243s] Level 1:colcon.colcon_core.environment:checking '/home/raji/bumperbot_ws/install/bumperbot_firmware/lib/python3.10/site-packages'
[67.243s] Level 1:colcon.colcon_core.environment:checking '/home/raji/bumperbot_ws/install/bumperbot_firmware/bin'
[67.244s] INFO:colcon.colcon_core.shell:Creating package script '/home/raji/bumperbot_ws/install/bumperbot_firmware/share/bumperbot_firmware/package.ps1'
[67.244s] INFO:colcon.colcon_core.shell:Creating package descriptor '/home/raji/bumperbot_ws/install/bumperbot_firmware/share/bumperbot_firmware/package.dsv'
[67.245s] INFO:colcon.colcon_core.shell:Creating package script '/home/raji/bumperbot_ws/install/bumperbot_firmware/share/bumperbot_firmware/package.sh'
[67.245s] INFO:colcon.colcon_core.shell:Creating package script '/home/raji/bumperbot_ws/install/bumperbot_firmware/share/bumperbot_firmware/package.bash'
[67.256s] INFO:colcon.colcon_core.shell:Creating package script '/home/raji/bumperbot_ws/install/bumperbot_firmware/share/bumperbot_firmware/package.zsh'
[67.256s] Level 1:colcon.colcon_core.environment:create_file_with_runtime_dependencies(/home/raji/bumperbot_ws/install/bumperbot_firmware/share/colcon-core/packages/bumperbot_firmware)
[67.289s] Level 1:colcon.colcon_core.environment:create_environment_scripts_only(bumperbot_localization)
[67.290s] Level 1:colcon.colcon_core.environment:checking '/home/raji/bumperbot_ws/install/bumperbot_localization' for CMake module files
[67.290s] Level 1:colcon.colcon_core.environment:checking '/home/raji/bumperbot_ws/install/bumperbot_localization' for CMake config files
[67.291s] Level 1:colcon.colcon_core.shell:create_environment_hook('bumperbot_localization', 'cmake_prefix_path')
[67.291s] INFO:colcon.colcon_core.shell:Creating environment hook '/home/raji/bumperbot_ws/install/bumperbot_localization/share/bumperbot_localization/hook/cmake_prefix_path.ps1'
[67.291s] INFO:colcon.colcon_core.shell:Creating environment descriptor '/home/raji/bumperbot_ws/install/bumperbot_localization/share/bumperbot_localization/hook/cmake_prefix_path.dsv'
[67.292s] INFO:colcon.colcon_core.shell:Creating environment hook '/home/raji/bumperbot_ws/install/bumperbot_localization/share/bumperbot_localization/hook/cmake_prefix_path.sh'
[67.292s] Level 1:colcon.colcon_core.environment:checking '/home/raji/bumperbot_ws/install/bumperbot_localization/lib'
[67.292s] Level 1:colcon.colcon_core.environment:checking '/home/raji/bumperbot_ws/install/bumperbot_localization/bin'
[67.292s] Level 1:colcon.colcon_core.environment:checking '/home/raji/bumperbot_ws/install/bumperbot_localization/lib/pkgconfig/bumperbot_localization.pc'
[67.293s] Level 1:colcon.colcon_core.environment:checking '/home/raji/bumperbot_ws/install/bumperbot_localization/lib/python3.10/site-packages'
[67.293s] Level 1:colcon.colcon_core.environment:checking '/home/raji/bumperbot_ws/install/bumperbot_localization/bin'
[67.293s] INFO:colcon.colcon_core.shell:Creating package script '/home/raji/bumperbot_ws/install/bumperbot_localization/share/bumperbot_localization/package.ps1'
[67.294s] INFO:colcon.colcon_core.shell:Creating package descriptor '/home/raji/bumperbot_ws/install/bumperbot_localization/share/bumperbot_localization/package.dsv'
[67.294s] INFO:colcon.colcon_core.shell:Creating package script '/home/raji/bumperbot_ws/install/bumperbot_localization/share/bumperbot_localization/package.sh'
[67.294s] INFO:colcon.colcon_core.shell:Creating package script '/home/raji/bumperbot_ws/install/bumperbot_localization/share/bumperbot_localization/package.bash'
[67.295s] INFO:colcon.colcon_core.shell:Creating package script '/home/raji/bumperbot_ws/install/bumperbot_localization/share/bumperbot_localization/package.zsh'
[67.295s] Level 1:colcon.colcon_core.environment:create_file_with_runtime_dependencies(/home/raji/bumperbot_ws/install/bumperbot_localization/share/colcon-core/packages/bumperbot_localization)
[67.296s] Level 1:colcon.colcon_core.environment:create_environment_scripts_only(bumperbot_localization)
[67.296s] Level 1:colcon.colcon_core.environment:checking '/home/raji/bumperbot_ws/install/bumperbot_localization' for CMake module files
[67.297s] Level 1:colcon.colcon_core.environment:checking '/home/raji/bumperbot_ws/install/bumperbot_localization' for CMake config files
[67.297s] Level 1:colcon.colcon_core.shell:create_environment_hook('bumperbot_localization', 'cmake_prefix_path')
[67.297s] INFO:colcon.colcon_core.shell:Creating environment hook '/home/raji/bumperbot_ws/install/bumperbot_localization/share/bumperbot_localization/hook/cmake_prefix_path.ps1'
[67.298s] INFO:colcon.colcon_core.shell:Creating environment descriptor '/home/raji/bumperbot_ws/install/bumperbot_localization/share/bumperbot_localization/hook/cmake_prefix_path.dsv'
[67.298s] INFO:colcon.colcon_core.shell:Creating environment hook '/home/raji/bumperbot_ws/install/bumperbot_localization/share/bumperbot_localization/hook/cmake_prefix_path.sh'
[67.299s] Level 1:colcon.colcon_core.environment:checking '/home/raji/bumperbot_ws/install/bumperbot_localization/lib'
[67.299s] Level 1:colcon.colcon_core.environment:checking '/home/raji/bumperbot_ws/install/bumperbot_localization/bin'
[67.299s] Level 1:colcon.colcon_core.environment:checking '/home/raji/bumperbot_ws/install/bumperbot_localization/lib/pkgconfig/bumperbot_localization.pc'
[67.299s] Level 1:colcon.colcon_core.environment:checking '/home/raji/bumperbot_ws/install/bumperbot_localization/lib/python3.10/site-packages'
[67.299s] Level 1:colcon.colcon_core.environment:checking '/home/raji/bumperbot_ws/install/bumperbot_localization/bin'
[67.300s] INFO:colcon.colcon_core.shell:Creating package script '/home/raji/bumperbot_ws/install/bumperbot_localization/share/bumperbot_localization/package.ps1'
[67.300s] INFO:colcon.colcon_core.shell:Creating package descriptor '/home/raji/bumperbot_ws/install/bumperbot_localization/share/bumperbot_localization/package.dsv'
[67.301s] INFO:colcon.colcon_core.shell:Creating package script '/home/raji/bumperbot_ws/install/bumperbot_localization/share/bumperbot_localization/package.sh'
[67.301s] INFO:colcon.colcon_core.shell:Creating package script '/home/raji/bumperbot_ws/install/bumperbot_localization/share/bumperbot_localization/package.bash'
[67.301s] INFO:colcon.colcon_core.shell:Creating package script '/home/raji/bumperbot_ws/install/bumperbot_localization/share/bumperbot_localization/package.zsh'
[67.308s] Level 1:colcon.colcon_core.environment:create_file_with_runtime_dependencies(/home/raji/bumperbot_ws/install/bumperbot_localization/share/colcon-core/packages/bumperbot_localization)
[68.213s] Level 1:colcon.colcon_core.environment:create_environment_scripts_only(bumperbot_controller)
[68.213s] Level 1:colcon.colcon_core.environment:checking '/home/raji/bumperbot_ws/install/bumperbot_controller' for CMake module files
[68.215s] Level 1:colcon.colcon_core.environment:checking '/home/raji/bumperbot_ws/install/bumperbot_controller' for CMake config files
[68.216s] Level 1:colcon.colcon_core.shell:create_environment_hook('bumperbot_controller', 'cmake_prefix_path')
[68.217s] INFO:colcon.colcon_core.shell:Creating environment hook '/home/raji/bumperbot_ws/install/bumperbot_controller/share/bumperbot_controller/hook/cmake_prefix_path.ps1'
[68.218s] INFO:colcon.colcon_core.shell:Creating environment descriptor '/home/raji/bumperbot_ws/install/bumperbot_controller/share/bumperbot_controller/hook/cmake_prefix_path.dsv'
[68.218s] INFO:colcon.colcon_core.shell:Creating environment hook '/home/raji/bumperbot_ws/install/bumperbot_controller/share/bumperbot_controller/hook/cmake_prefix_path.sh'
[68.219s] Level 1:colcon.colcon_core.environment:checking '/home/raji/bumperbot_ws/install/bumperbot_controller/lib'
[68.219s] Level 1:colcon.colcon_core.environment:checking '/home/raji/bumperbot_ws/install/bumperbot_controller/bin'
[68.219s] Level 1:colcon.colcon_core.environment:checking '/home/raji/bumperbot_ws/install/bumperbot_controller/lib/pkgconfig/bumperbot_controller.pc'
[68.219s] Level 1:colcon.colcon_core.environment:checking '/home/raji/bumperbot_ws/install/bumperbot_controller/lib/python3.10/site-packages'
[68.219s] Level 1:colcon.colcon_core.environment:checking '/home/raji/bumperbot_ws/install/bumperbot_controller/bin'
[68.219s] INFO:colcon.colcon_core.shell:Creating package script '/home/raji/bumperbot_ws/install/bumperbot_controller/share/bumperbot_controller/package.ps1'
[68.220s] INFO:colcon.colcon_core.shell:Creating package descriptor '/home/raji/bumperbot_ws/install/bumperbot_controller/share/bumperbot_controller/package.dsv'
[68.220s] INFO:colcon.colcon_core.shell:Creating package script '/home/raji/bumperbot_ws/install/bumperbot_controller/share/bumperbot_controller/package.sh'
[68.220s] INFO:colcon.colcon_core.shell:Creating package script '/home/raji/bumperbot_ws/install/bumperbot_controller/share/bumperbot_controller/package.bash'
[68.220s] INFO:colcon.colcon_core.shell:Creating package script '/home/raji/bumperbot_ws/install/bumperbot_controller/share/bumperbot_controller/package.zsh'
[68.221s] Level 1:colcon.colcon_core.environment:create_file_with_runtime_dependencies(/home/raji/bumperbot_ws/install/bumperbot_controller/share/colcon-core/packages/bumperbot_controller)
[68.221s] Level 1:colcon.colcon_core.environment:create_environment_scripts_only(bumperbot_controller)
[68.221s] Level 1:colcon.colcon_core.environment:checking '/home/raji/bumperbot_ws/install/bumperbot_controller' for CMake module files
[68.222s] Level 1:colcon.colcon_core.environment:checking '/home/raji/bumperbot_ws/install/bumperbot_controller' for CMake config files
[68.222s] Level 1:colcon.colcon_core.shell:create_environment_hook('bumperbot_controller', 'cmake_prefix_path')
[68.222s] INFO:colcon.colcon_core.shell:Creating environment hook '/home/raji/bumperbot_ws/install/bumperbot_controller/share/bumperbot_controller/hook/cmake_prefix_path.ps1'
[68.223s] INFO:colcon.colcon_core.shell:Creating environment descriptor '/home/raji/bumperbot_ws/install/bumperbot_controller/share/bumperbot_controller/hook/cmake_prefix_path.dsv'
[68.223s] INFO:colcon.colcon_core.shell:Creating environment hook '/home/raji/bumperbot_ws/install/bumperbot_controller/share/bumperbot_controller/hook/cmake_prefix_path.sh'
[68.223s] Level 1:colcon.colcon_core.environment:checking '/home/raji/bumperbot_ws/install/bumperbot_controller/lib'
[68.223s] Level 1:colcon.colcon_core.environment:checking '/home/raji/bumperbot_ws/install/bumperbot_controller/bin'
[68.223s] Level 1:colcon.colcon_core.environment:checking '/home/raji/bumperbot_ws/install/bumperbot_controller/lib/pkgconfig/bumperbot_controller.pc'
[68.223s] Level 1:colcon.colcon_core.environment:checking '/home/raji/bumperbot_ws/install/bumperbot_controller/lib/python3.10/site-packages'
[68.224s] Level 1:colcon.colcon_core.environment:checking '/home/raji/bumperbot_ws/install/bumperbot_controller/bin'
[68.224s] INFO:colcon.colcon_core.shell:Creating package script '/home/raji/bumperbot_ws/install/bumperbot_controller/share/bumperbot_controller/package.ps1'
[68.225s] INFO:colcon.colcon_core.shell:Creating package descriptor '/home/raji/bumperbot_ws/install/bumperbot_controller/share/bumperbot_controller/package.dsv'
[68.226s] INFO:colcon.colcon_core.shell:Creating package script '/home/raji/bumperbot_ws/install/bumperbot_controller/share/bumperbot_controller/package.sh'
[68.227s] INFO:colcon.colcon_core.shell:Creating package script '/home/raji/bumperbot_ws/install/bumperbot_controller/share/bumperbot_controller/package.bash'
[68.227s] INFO:colcon.colcon_core.shell:Creating package script '/home/raji/bumperbot_ws/install/bumperbot_controller/share/bumperbot_controller/package.zsh'
[68.249s] Level 1:colcon.colcon_core.environment:create_file_with_runtime_dependencies(/home/raji/bumperbot_ws/install/bumperbot_controller/share/colcon-core/packages/bumperbot_controller)
[74.248s] DEBUG:colcon.colcon_core.event_handler.log_command:Invoked command in '/home/raji/bumperbot_ws/build/bumperbot_firmware' returned '0': CMAKE_PREFIX_PATH=${CMAKE_PREFIX_PATH}:/home/raji/ros2_ws/install/my_py_pkg:/opt/ros/humble /usr/bin/cmake --build /home/raji/bumperbot_ws/build/bumperbot_firmware -- -j12 -l12
[74.250s] DEBUG:colcon.colcon_core.event_handler.log_command:Invoking command in '/home/raji/bumperbot_ws/build/bumperbot_firmware': CMAKE_PREFIX_PATH=${CMAKE_PREFIX_PATH}:/home/raji/ros2_ws/install/my_py_pkg:/opt/ros/humble /usr/bin/cmake --install /home/raji/bumperbot_ws/build/bumperbot_firmware
[74.309s] DEBUG:colcon.colcon_core.event_handler.log_command:Invoked command in '/home/raji/bumperbot_ws/build/bumperbot_localization' returned '0': CMAKE_PREFIX_PATH=${CMAKE_PREFIX_PATH}:/home/raji/ros2_ws/install/my_py_pkg:/opt/ros/humble /usr/bin/cmake --build /home/raji/bumperbot_ws/build/bumperbot_localization -- -j12 -l12
[74.310s] DEBUG:colcon.colcon_core.event_handler.log_command:Invoking command in '/home/raji/bumperbot_ws/build/bumperbot_localization': CMAKE_PREFIX_PATH=${CMAKE_PREFIX_PATH}:/home/raji/ros2_ws/install/my_py_pkg:/opt/ros/humble /usr/bin/cmake --install /home/raji/bumperbot_ws/build/bumperbot_localization
[74.328s] DEBUG:colcon.colcon_core.event_handler.log_command:Invoked command in '/home/raji/bumperbot_ws/build/bumperbot_firmware' returned '0': CMAKE_PREFIX_PATH=${CMAKE_PREFIX_PATH}:/home/raji/ros2_ws/install/my_py_pkg:/opt/ros/humble /usr/bin/cmake --install /home/raji/bumperbot_ws/build/bumperbot_firmware
[74.333s] DEBUG:colcon.colcon_core.event_handler.log_command:Invoked command in '/home/raji/bumperbot_ws/build/bumperbot_localization' returned '0': CMAKE_PREFIX_PATH=${CMAKE_PREFIX_PATH}:/home/raji/ros2_ws/install/my_py_pkg:/opt/ros/humble /usr/bin/cmake --install /home/raji/bumperbot_ws/build/bumperbot_localization
[74.335s] DEBUG:colcon.colcon_core.event_handler.log_command:Invoked command in '/home/raji/bumperbot_ws/build/bumperbot_controller' returned '0': CMAKE_PREFIX_PATH=${CMAKE_PREFIX_PATH}:/home/raji/ros2_ws/install/my_py_pkg:/opt/ros/humble /usr/bin/cmake --build /home/raji/bumperbot_ws/build/bumperbot_controller -- -j12 -l12
[74.337s] DEBUG:colcon.colcon_core.event_handler.log_command:Invoking command in '/home/raji/bumperbot_ws/build/bumperbot_controller': CMAKE_PREFIX_PATH=${CMAKE_PREFIX_PATH}:/home/raji/ros2_ws/install/my_py_pkg:/opt/ros/humble /usr/bin/cmake --install /home/raji/bumperbot_ws/build/bumperbot_controller
[74.345s] DEBUG:colcon.colcon_core.event_handler.log_command:Invoked command in '/home/raji/bumperbot_ws/build/bumperbot_controller' returned '0': CMAKE_PREFIX_PATH=${CMAKE_PREFIX_PATH}:/home/raji/ros2_ws/install/my_py_pkg:/opt/ros/humble /usr/bin/cmake --install /home/raji/bumperbot_ws/build/bumperbot_controller
[74.651s] DEBUG:colcon.colcon_core.event_handler.log_command:Invoking command in '/home/raji/bumperbot_ws/src/bumperbot_py_examples': AMENT_PREFIX_PATH=/home/raji/bumperbot_ws/install/bumperbot_msgs:${AMENT_PREFIX_PATH} CMAKE_PREFIX_PATH=/home/raji/bumperbot_ws/install/bumperbot_msgs:${CMAKE_PREFIX_PATH} LD_LIBRARY_PATH=/home/raji/bumperbot_ws/install/bumperbot_msgs/lib:${LD_LIBRARY_PATH} PYTHONPATH=/home/raji/bumperbot_ws/build/bumperbot_py_examples/prefix_override:/usr/lib/python3/dist-packages/colcon_core/task/python/colcon_distutils_commands:/home/raji/bumperbot_ws/install/bumperbot_py_examples/lib/python3.10/site-packages:/home/raji/bumperbot_ws/install/bumperbot_msgs/local/lib/python3.10/dist-packages:${PYTHONPATH} /usr/bin/python3 -W ignore:setup.py install is deprecated -W ignore:easy_install command is deprecated setup.py egg_info --egg-base ../../build/bumperbot_py_examples build --build-base /home/raji/bumperbot_ws/build/bumperbot_py_examples/build install --record /home/raji/bumperbot_ws/build/bumperbot_py_examples/install.log --single-version-externally-managed install_data
[79.453s] Level 1:colcon.colcon_core.environment:checking '/home/raji/bumperbot_ws/install/bumperbot_py_examples' for CMake module files
[79.453s] DEBUG:colcon.colcon_core.event_handler.log_command:Invoked command in '/home/raji/bumperbot_ws/src/bumperbot_py_examples' returned '0': AMENT_PREFIX_PATH=/home/raji/bumperbot_ws/install/bumperbot_msgs:${AMENT_PREFIX_PATH} CMAKE_PREFIX_PATH=/home/raji/bumperbot_ws/install/bumperbot_msgs:${CMAKE_PREFIX_PATH} LD_LIBRARY_PATH=/home/raji/bumperbot_ws/install/bumperbot_msgs/lib:${LD_LIBRARY_PATH} PYTHONPATH=/home/raji/bumperbot_ws/build/bumperbot_py_examples/prefix_override:/usr/lib/python3/dist-packages/colcon_core/task/python/colcon_distutils_commands:/home/raji/bumperbot_ws/install/bumperbot_py_examples/lib/python3.10/site-packages:/home/raji/bumperbot_ws/install/bumperbot_msgs/local/lib/python3.10/dist-packages:${PYTHONPATH} /usr/bin/python3 -W ignore:setup.py install is deprecated -W ignore:easy_install command is deprecated setup.py egg_info --egg-base ../../build/bumperbot_py_examples build --build-base /home/raji/bumperbot_ws/build/bumperbot_py_examples/build install --record /home/raji/bumperbot_ws/build/bumperbot_py_examples/install.log --single-version-externally-managed install_data
[79.454s] Level 1:colcon.colcon_core.environment:checking '/home/raji/bumperbot_ws/install/bumperbot_py_examples' for CMake config files
[79.454s] Level 1:colcon.colcon_core.environment:checking '/home/raji/bumperbot_ws/install/bumperbot_py_examples/lib'
[79.454s] Level 1:colcon.colcon_core.environment:checking '/home/raji/bumperbot_ws/install/bumperbot_py_examples/bin'
[79.454s] Level 1:colcon.colcon_core.environment:checking '/home/raji/bumperbot_ws/install/bumperbot_py_examples/lib/pkgconfig/bumperbot_py_examples.pc'
[79.455s] Level 1:colcon.colcon_core.environment:checking '/home/raji/bumperbot_ws/install/bumperbot_py_examples/lib/python3.10/site-packages'
[79.455s] Level 1:colcon.colcon_core.shell:create_environment_hook('bumperbot_py_examples', 'pythonpath')
[79.455s] INFO:colcon.colcon_core.shell:Creating environment hook '/home/raji/bumperbot_ws/install/bumperbot_py_examples/share/bumperbot_py_examples/hook/pythonpath.ps1'
[79.455s] INFO:colcon.colcon_core.shell:Creating environment descriptor '/home/raji/bumperbot_ws/install/bumperbot_py_examples/share/bumperbot_py_examples/hook/pythonpath.dsv'
[79.455s] INFO:colcon.colcon_core.shell:Creating environment hook '/home/raji/bumperbot_ws/install/bumperbot_py_examples/share/bumperbot_py_examples/hook/pythonpath.sh'
[79.456s] Level 1:colcon.colcon_core.environment:checking '/home/raji/bumperbot_ws/install/bumperbot_py_examples/bin'
[79.456s] Level 1:colcon.colcon_core.environment:create_environment_scripts_only(bumperbot_py_examples)
[79.456s] INFO:colcon.colcon_core.shell:Creating package script '/home/raji/bumperbot_ws/install/bumperbot_py_examples/share/bumperbot_py_examples/package.ps1'
[79.456s] INFO:colcon.colcon_core.shell:Creating package descriptor '/home/raji/bumperbot_ws/install/bumperbot_py_examples/share/bumperbot_py_examples/package.dsv'
[79.457s] INFO:colcon.colcon_core.shell:Creating package script '/home/raji/bumperbot_ws/install/bumperbot_py_examples/share/bumperbot_py_examples/package.sh'
[79.457s] INFO:colcon.colcon_core.shell:Creating package script '/home/raji/bumperbot_ws/install/bumperbot_py_examples/share/bumperbot_py_examples/package.bash'
[79.457s] INFO:colcon.colcon_core.shell:Creating package script '/home/raji/bumperbot_ws/install/bumperbot_py_examples/share/bumperbot_py_examples/package.zsh'
[79.457s] Level 1:colcon.colcon_core.environment:create_file_with_runtime_dependencies(/home/raji/bumperbot_ws/install/bumperbot_py_examples/share/colcon-core/packages/bumperbot_py_examples)
[80.745s] DEBUG:colcon.colcon_core.event_handler.log_command:Invoked command in '/home/raji/bumperbot_ws/build/bumperbot_cpp_examples' returned '0': AMENT_PREFIX_PATH=/home/raji/bumperbot_ws/install/bumperbot_msgs:${AMENT_PREFIX_PATH} CMAKE_PREFIX_PATH=/home/raji/bumperbot_ws/install/bumperbot_msgs:/home/raji/ros2_ws/install/my_cpp_pkg:/home/raji/ros2_ws/install/my_py_pkg:/opt/ros/humble LD_LIBRARY_PATH=/home/raji/bumperbot_ws/install/bumperbot_msgs/lib:${LD_LIBRARY_PATH} PYTHONPATH=/home/raji/bumperbot_ws/install/bumperbot_msgs/local/lib/python3.10/dist-packages:${PYTHONPATH} /usr/bin/cmake /home/raji/bumperbot_ws/src/bumperbot_cpp_examples -DCMAKE_INSTALL_PREFIX=/home/raji/bumperbot_ws/install/bumperbot_cpp_examples
[80.746s] DEBUG:colcon.colcon_core.event_handler.log_command:Invoking command in '/home/raji/bumperbot_ws/build/bumperbot_cpp_examples': AMENT_PREFIX_PATH=/home/raji/bumperbot_ws/install/bumperbot_msgs:${AMENT_PREFIX_PATH} CMAKE_PREFIX_PATH=/home/raji/bumperbot_ws/install/bumperbot_msgs:/home/raji/ros2_ws/install/my_cpp_pkg:/home/raji/ros2_ws/install/my_py_pkg:/opt/ros/humble LD_LIBRARY_PATH=/home/raji/bumperbot_ws/install/bumperbot_msgs/lib:${LD_LIBRARY_PATH} PYTHONPATH=/home/raji/bumperbot_ws/install/bumperbot_msgs/local/lib/python3.10/dist-packages:${PYTHONPATH} /usr/bin/cmake --build /home/raji/bumperbot_ws/build/bumperbot_cpp_examples -- -j12 -l12
[99.536s] DEBUG:colcon.colcon_core.event_handler.log_command:Invoked command in '/home/raji/bumperbot_ws/build/bumperbot_cpp_examples' returned '0': AMENT_PREFIX_PATH=/home/raji/bumperbot_ws/install/bumperbot_msgs:${AMENT_PREFIX_PATH} CMAKE_PREFIX_PATH=/home/raji/bumperbot_ws/install/bumperbot_msgs:/home/raji/ros2_ws/install/my_cpp_pkg:/home/raji/ros2_ws/install/my_py_pkg:/opt/ros/humble LD_LIBRARY_PATH=/home/raji/bumperbot_ws/install/bumperbot_msgs/lib:${LD_LIBRARY_PATH} PYTHONPATH=/home/raji/bumperbot_ws/install/bumperbot_msgs/local/lib/python3.10/dist-packages:${PYTHONPATH} /usr/bin/cmake --build /home/raji/bumperbot_ws/build/bumperbot_cpp_examples -- -j12 -l12
[99.538s] DEBUG:colcon.colcon_core.event_handler.log_command:Invoking command in '/home/raji/bumperbot_ws/build/bumperbot_cpp_examples': AMENT_PREFIX_PATH=/home/raji/bumperbot_ws/install/bumperbot_msgs:${AMENT_PREFIX_PATH} CMAKE_PREFIX_PATH=/home/raji/bumperbot_ws/install/bumperbot_msgs:/home/raji/ros2_ws/install/my_cpp_pkg:/home/raji/ros2_ws/install/my_py_pkg:/opt/ros/humble LD_LIBRARY_PATH=/home/raji/bumperbot_ws/install/bumperbot_msgs/lib:${LD_LIBRARY_PATH} PYTHONPATH=/home/raji/bumperbot_ws/install/bumperbot_msgs/local/lib/python3.10/dist-packages:${PYTHONPATH} /usr/bin/cmake --install /home/raji/bumperbot_ws/build/bumperbot_cpp_examples
[99.559s] Level 1:colcon.colcon_core.environment:create_environment_scripts_only(bumperbot_cpp_examples)
[99.559s] DEBUG:colcon.colcon_core.event_handler.log_command:Invoked command in '/home/raji/bumperbot_ws/build/bumperbot_cpp_examples' returned '0': AMENT_PREFIX_PATH=/home/raji/bumperbot_ws/install/bumperbot_msgs:${AMENT_PREFIX_PATH} CMAKE_PREFIX_PATH=/home/raji/bumperbot_ws/install/bumperbot_msgs:/home/raji/ros2_ws/install/my_cpp_pkg:/home/raji/ros2_ws/install/my_py_pkg:/opt/ros/humble LD_LIBRARY_PATH=/home/raji/bumperbot_ws/install/bumperbot_msgs/lib:${LD_LIBRARY_PATH} PYTHONPATH=/home/raji/bumperbot_ws/install/bumperbot_msgs/local/lib/python3.10/dist-packages:${PYTHONPATH} /usr/bin/cmake --install /home/raji/bumperbot_ws/build/bumperbot_cpp_examples
[99.560s] Level 1:colcon.colcon_core.environment:checking '/home/raji/bumperbot_ws/install/bumperbot_cpp_examples' for CMake module files
[99.560s] Level 1:colcon.colcon_core.environment:checking '/home/raji/bumperbot_ws/install/bumperbot_cpp_examples' for CMake config files
[99.560s] Level 1:colcon.colcon_core.shell:create_environment_hook('bumperbot_cpp_examples', 'cmake_prefix_path')
[99.560s] INFO:colcon.colcon_core.shell:Creating environment hook '/home/raji/bumperbot_ws/install/bumperbot_cpp_examples/share/bumperbot_cpp_examples/hook/cmake_prefix_path.ps1'
[99.561s] INFO:colcon.colcon_core.shell:Creating environment descriptor '/home/raji/bumperbot_ws/install/bumperbot_cpp_examples/share/bumperbot_cpp_examples/hook/cmake_prefix_path.dsv'
[99.561s] INFO:colcon.colcon_core.shell:Creating environment hook '/home/raji/bumperbot_ws/install/bumperbot_cpp_examples/share/bumperbot_cpp_examples/hook/cmake_prefix_path.sh'
[99.562s] Level 1:colcon.colcon_core.environment:checking '/home/raji/bumperbot_ws/install/bumperbot_cpp_examples/lib'
[99.562s] Level 1:colcon.colcon_core.environment:checking '/home/raji/bumperbot_ws/install/bumperbot_cpp_examples/bin'
[99.562s] Level 1:colcon.colcon_core.environment:checking '/home/raji/bumperbot_ws/install/bumperbot_cpp_examples/lib/pkgconfig/bumperbot_cpp_examples.pc'
[99.562s] Level 1:colcon.colcon_core.environment:checking '/home/raji/bumperbot_ws/install/bumperbot_cpp_examples/lib/python3.10/site-packages'
[99.562s] Level 1:colcon.colcon_core.environment:checking '/home/raji/bumperbot_ws/install/bumperbot_cpp_examples/bin'
[99.562s] INFO:colcon.colcon_core.shell:Creating package script '/home/raji/bumperbot_ws/install/bumperbot_cpp_examples/share/bumperbot_cpp_examples/package.ps1'
[99.563s] INFO:colcon.colcon_core.shell:Creating package descriptor '/home/raji/bumperbot_ws/install/bumperbot_cpp_examples/share/bumperbot_cpp_examples/package.dsv'
[99.563s] INFO:colcon.colcon_core.shell:Creating package script '/home/raji/bumperbot_ws/install/bumperbot_cpp_examples/share/bumperbot_cpp_examples/package.sh'
[99.563s] INFO:colcon.colcon_core.shell:Creating package script '/home/raji/bumperbot_ws/install/bumperbot_cpp_examples/share/bumperbot_cpp_examples/package.bash'
[99.563s] INFO:colcon.colcon_core.shell:Creating package script '/home/raji/bumperbot_ws/install/bumperbot_cpp_examples/share/bumperbot_cpp_examples/package.zsh'
[99.564s] Level 1:colcon.colcon_core.environment:create_file_with_runtime_dependencies(/home/raji/bumperbot_ws/install/bumperbot_cpp_examples/share/colcon-core/packages/bumperbot_cpp_examples)
[99.564s] Level 1:colcon.colcon_core.environment:create_environment_scripts_only(bumperbot_cpp_examples)
[99.564s] Level 1:colcon.colcon_core.environment:checking '/home/raji/bumperbot_ws/install/bumperbot_cpp_examples' for CMake module files
[99.565s] Level 1:colcon.colcon_core.environment:checking '/home/raji/bumperbot_ws/install/bumperbot_cpp_examples' for CMake config files
[99.565s] Level 1:colcon.colcon_core.shell:create_environment_hook('bumperbot_cpp_examples', 'cmake_prefix_path')
[99.565s] INFO:colcon.colcon_core.shell:Creating environment hook '/home/raji/bumperbot_ws/install/bumperbot_cpp_examples/share/bumperbot_cpp_examples/hook/cmake_prefix_path.ps1'
[99.565s] INFO:colcon.colcon_core.shell:Creating environment descriptor '/home/raji/bumperbot_ws/install/bumperbot_cpp_examples/share/bumperbot_cpp_examples/hook/cmake_prefix_path.dsv'
[99.566s] INFO:colcon.colcon_core.shell:Creating environment hook '/home/raji/bumperbot_ws/install/bumperbot_cpp_examples/share/bumperbot_cpp_examples/hook/cmake_prefix_path.sh'
[99.566s] Level 1:colcon.colcon_core.environment:checking '/home/raji/bumperbot_ws/install/bumperbot_cpp_examples/lib'
[99.566s] Level 1:colcon.colcon_core.environment:checking '/home/raji/bumperbot_ws/install/bumperbot_cpp_examples/bin'
[99.566s] Level 1:colcon.colcon_core.environment:checking '/home/raji/bumperbot_ws/install/bumperbot_cpp_examples/lib/pkgconfig/bumperbot_cpp_examples.pc'
[99.566s] Level 1:colcon.colcon_core.environment:checking '/home/raji/bumperbot_ws/install/bumperbot_cpp_examples/lib/python3.10/site-packages'
[99.566s] Level 1:colcon.colcon_core.environment:checking '/home/raji/bumperbot_ws/install/bumperbot_cpp_examples/bin'
[99.567s] INFO:colcon.colcon_core.shell:Creating package script '/home/raji/bumperbot_ws/install/bumperbot_cpp_examples/share/bumperbot_cpp_examples/package.ps1'
[99.567s] INFO:colcon.colcon_core.shell:Creating package descriptor '/home/raji/bumperbot_ws/install/bumperbot_cpp_examples/share/bumperbot_cpp_examples/package.dsv'
[99.573s] INFO:colcon.colcon_core.shell:Creating package script '/home/raji/bumperbot_ws/install/bumperbot_cpp_examples/share/bumperbot_cpp_examples/package.sh'
[99.573s] INFO:colcon.colcon_core.shell:Creating package script '/home/raji/bumperbot_ws/install/bumperbot_cpp_examples/share/bumperbot_cpp_examples/package.bash'
[99.576s] INFO:colcon.colcon_core.shell:Creating package script '/home/raji/bumperbot_ws/install/bumperbot_cpp_examples/share/bumperbot_cpp_examples/package.zsh'
[99.576s] Level 1:colcon.colcon_core.environment:create_file_with_runtime_dependencies(/home/raji/bumperbot_ws/install/bumperbot_cpp_examples/share/colcon-core/packages/bumperbot_cpp_examples)
[99.576s] DEBUG:colcon.colcon_parallel_executor.executor.parallel:closing loop
[99.577s] DEBUG:colcon.colcon_parallel_executor.executor.parallel:loop closed
[99.577s] DEBUG:colcon.colcon_parallel_executor.executor.parallel:run_until_complete finished with '0'
[99.577s] DEBUG:colcon.colcon_core.event_reactor:joining thread
[100.015s] INFO:colcon.colcon_core.plugin_system:Skipping extension 'colcon_notification.desktop_notification.terminal_notifier': Not used on non-Darwin systems
[100.016s] INFO:colcon.colcon_core.plugin_system:Skipping extension 'colcon_notification.desktop_notification.win32': Not used on non-Windows systems
[100.016s] INFO:colcon.colcon_notification.desktop_notification:Sending desktop notification using 'notify2'
[102.072s] DEBUG:colcon.colcon_core.event_reactor:joined thread
[102.072s] INFO:colcon.colcon_core.shell:Creating prefix script '/home/raji/bumperbot_ws/install/local_setup.ps1'
[102.176s] INFO:colcon.colcon_core.shell:Creating prefix util module '/home/raji/bumperbot_ws/install/_local_setup_util_ps1.py'
[102.206s] INFO:colcon.colcon_core.shell:Creating prefix chain script '/home/raji/bumperbot_ws/install/setup.ps1'
[102.209s] INFO:colcon.colcon_core.shell:Creating prefix script '/home/raji/bumperbot_ws/install/local_setup.sh'
[102.215s] INFO:colcon.colcon_core.shell:Creating prefix util module '/home/raji/bumperbot_ws/install/_local_setup_util_sh.py'
[102.217s] INFO:colcon.colcon_core.shell:Creating prefix chain script '/home/raji/bumperbot_ws/install/setup.sh'
[102.223s] INFO:colcon.colcon_core.shell:Creating prefix script '/home/raji/bumperbot_ws/install/local_setup.bash'
[102.241s] INFO:colcon.colcon_core.shell:Creating prefix chain script '/home/raji/bumperbot_ws/install/setup.bash'
[102.330s] INFO:colcon.colcon_core.shell:Creating prefix script '/home/raji/bumperbot_ws/install/local_setup.zsh'
[102.342s] INFO:colcon.colcon_core.shell:Creating prefix chain script '/home/raji/bumperbot_ws/install/setup.zsh'
