[4.510s] Invoking command in '/home/raji/bumperbot_ws/build/bumperbot_cpp_examples': AMENT_PREFIX_PATH=/home/raji/bumperbot_ws/install/bumperbot_msgs:${AMENT_PREFIX_PATH} CMAKE_PREFIX_PATH=/home/raji/bumperbot_ws/install/bumperbot_msgs:/home/raji/ros2_ws/install/my_cpp_pkg:/home/raji/ros2_ws/install/my_py_pkg:/opt/ros/humble LD_LIBRARY_PATH=/home/raji/bumperbot_ws/install/bumperbot_msgs/lib:${LD_LIBRARY_PATH} PYTHONPATH=/home/raji/bumperbot_ws/install/bumperbot_msgs/local/lib/python3.10/dist-packages:${PYTHONPATH} /usr/bin/cmake /home/raji/bumperbot_ws/src/bumperbot_cpp_examples -DCMAKE_INSTALL_PREFIX=/home/raji/bumperbot_ws/install/bumperbot_cpp_examples
[6.642s] -- The C compiler identification is GNU 11.4.0
[8.557s] -- The CXX compiler identification is GNU 11.4.0
[18.895s] -- Detecting C compiler ABI info
[31.862s] -- Detecting C compiler ABI info - done
[31.876s] -- Check for working C compiler: /usr/bin/cc - skipped
[32.000s] -- Detecting C compile features
[33.040s] -- Detecting C compile features - done
[33.629s] -- Detecting CXX compiler ABI info
[33.866s] -- Detecting CXX compiler ABI info - done
[33.873s] -- Check for working CXX compiler: /usr/bin/c++ - skipped
[33.873s] -- Detecting CXX compile features
[33.873s] -- Detecting CXX compile features - done
[35.344s] -- Found ament_cmake: 1.3.11 (/opt/ros/humble/share/ament_cmake/cmake)
[43.493s] -- Found Python3: /usr/bin/python3 (found version "3.10.12") found components: Interpreter 
[43.505s] -- Found rclcpp: 16.0.11 (/opt/ros/humble/share/rclcpp/cmake)
[43.505s] -- Found rosidl_generator_c: 3.1.6 (/opt/ros/humble/share/rosidl_generator_c/cmake)
[43.505s] -- Found rosidl_adapter: 3.1.6 (/opt/ros/humble/share/rosidl_adapter/cmake)
[43.505s] -- Found rosidl_generator_cpp: 3.1.6 (/opt/ros/humble/share/rosidl_generator_cpp/cmake)
[43.505s] -- Using all available rosidl_typesupport_c: rosidl_typesupport_fastrtps_c;rosidl_typesupport_introspection_c
[43.505s] -- Using all available rosidl_typesupport_cpp: rosidl_typesupport_fastrtps_cpp;rosidl_typesupport_introspection_cpp
[44.869s] -- Found rmw_implementation_cmake: 6.1.2 (/opt/ros/humble/share/rmw_implementation_cmake/cmake)
[44.944s] -- Found rmw_fastrtps_cpp: 6.2.7 (/opt/ros/humble/share/rmw_fastrtps_cpp/cmake)
[46.840s] -- Found OpenSSL: /usr/lib/x86_64-linux-gnu/libcrypto.so (found version "3.0.2")  
[47.115s] -- Found FastRTPS: /opt/ros/humble/include  
[47.279s] -- Using RMW implementation 'rmw_fastrtps_cpp' as default
[47.756s] -- Looking for pthread.h
[48.273s] -- Looking for pthread.h - found
[48.274s] -- Performing Test CMAKE_HAVE_LIBC_PTHREAD
[48.346s] -- Performing Test CMAKE_HAVE_LIBC_PTHREAD - Success
[48.347s] -- Found Threads: TRUE  
[49.145s] -- Found turtlesim: 1.4.2 (/opt/ros/humble/share/turtlesim/cmake)
[49.271s] -- Found bumperbot_msgs: 0.0.0 (/home/raji/bumperbot_ws/install/bumperbot_msgs/share/bumperbot_msgs/cmake)
[49.334s] -- Found tf2: 0.25.9 (/opt/ros/humble/share/tf2/cmake)
[49.395s] -- Found tf2_ros: 0.25.9 (/opt/ros/humble/share/tf2_ros/cmake)
[49.548s] -- Found rclcpp_lifecycle: 16.0.11 (/opt/ros/humble/share/rclcpp_lifecycle/cmake)
[49.820s] -- Configuring done
[49.883s] -- Generating done
[49.894s] -- Build files have been written to: /home/raji/bumperbot_ws/build/bumperbot_cpp_examples
[49.904s] Invoked command in '/home/raji/bumperbot_ws/build/bumperbot_cpp_examples' returned '0': AMENT_PREFIX_PATH=/home/raji/bumperbot_ws/install/bumperbot_msgs:${AMENT_PREFIX_PATH} CMAKE_PREFIX_PATH=/home/raji/bumperbot_ws/install/bumperbot_msgs:/home/raji/ros2_ws/install/my_cpp_pkg:/home/raji/ros2_ws/install/my_py_pkg:/opt/ros/humble LD_LIBRARY_PATH=/home/raji/bumperbot_ws/install/bumperbot_msgs/lib:${LD_LIBRARY_PATH} PYTHONPATH=/home/raji/bumperbot_ws/install/bumperbot_msgs/local/lib/python3.10/dist-packages:${PYTHONPATH} /usr/bin/cmake /home/raji/bumperbot_ws/src/bumperbot_cpp_examples -DCMAKE_INSTALL_PREFIX=/home/raji/bumperbot_ws/install/bumperbot_cpp_examples
[49.905s] Invoking command in '/home/raji/bumperbot_ws/build/bumperbot_cpp_examples': AMENT_PREFIX_PATH=/home/raji/bumperbot_ws/install/bumperbot_msgs:${AMENT_PREFIX_PATH} CMAKE_PREFIX_PATH=/home/raji/bumperbot_ws/install/bumperbot_msgs:/home/raji/ros2_ws/install/my_cpp_pkg:/home/raji/ros2_ws/install/my_py_pkg:/opt/ros/humble LD_LIBRARY_PATH=/home/raji/bumperbot_ws/install/bumperbot_msgs/lib:${LD_LIBRARY_PATH} PYTHONPATH=/home/raji/bumperbot_ws/install/bumperbot_msgs/local/lib/python3.10/dist-packages:${PYTHONPATH} /usr/bin/cmake --build /home/raji/bumperbot_ws/build/bumperbot_cpp_examples -- -j12 -l12
[49.945s] [ 12%] [32mBuilding CXX object CMakeFiles/simple_subscriber.dir/src/simple_subscriber.cpp.o[0m
[49.945s] [ 12%] [32mBuilding CXX object CMakeFiles/simple_publisher.dir/src/simple_publisher.cpp.o[0m
[59.692s] [ 18%] [32m[1mLinking CXX executable simple_publisher[0m
[59.847s] [ 18%] Built target simple_publisher
[59.864s] [ 31%] [32mBuilding CXX object CMakeFiles/simple_tf_kinematics.dir/src/simple_tf_kinematics.cpp.o[0m
[59.864s] [ 31%] [32mBuilding CXX object CMakeFiles/simple_service_client.dir/src/simple_service_client.cpp.o[0m
[59.864s] [ 37%] [32mBuilding CXX object CMakeFiles/simple_parameter.dir/src/simple_parameter.cpp.o[0m
[59.864s] [ 43%] [32mBuilding CXX object CMakeFiles/simple_lifecycle_node.dir/src/simple_lifecycle_node.cpp.o[0m
[59.868s] [ 50%] [32mBuilding CXX object CMakeFiles/simple_turtlesim_kinematics.dir/src/simple_turtlesim_kinematics.cpp.o[0m
[59.870s] [ 56%] [32mBuilding CXX object CMakeFiles/simple_service_server.dir/src/simple_service_server.cpp.o[0m
[62.768s] [ 62%] [32m[1mLinking CXX executable simple_parameter[0m
[62.918s] [ 62%] Built target simple_parameter
[63.323s] [ 75%] [32m[1mLinking CXX executable simple_subscriber[0m
[63.323s] [ 75%] [32m[1mLinking CXX executable simple_service_client[0m
[63.422s] [ 81%] [32m[1mLinking CXX executable simple_service_server[0m
[63.546s] [ 81%] Built target simple_service_client
[63.618s] [ 81%] Built target simple_service_server
[63.753s] [ 81%] Built target simple_subscriber
[66.045s] [ 87%] [32m[1mLinking CXX executable simple_tf_kinematics[0m
[66.324s] [ 87%] Built target simple_tf_kinematics
[67.542s] [ 93%] [32m[1mLinking CXX executable simple_turtlesim_kinematics[0m
[68.382s] [100%] [32m[1mLinking CXX executable simple_lifecycle_node[0m
[68.461s] [100%] Built target simple_turtlesim_kinematics
[68.685s] [100%] Built target simple_lifecycle_node
[68.695s] Invoked command in '/home/raji/bumperbot_ws/build/bumperbot_cpp_examples' returned '0': AMENT_PREFIX_PATH=/home/raji/bumperbot_ws/install/bumperbot_msgs:${AMENT_PREFIX_PATH} CMAKE_PREFIX_PATH=/home/raji/bumperbot_ws/install/bumperbot_msgs:/home/raji/ros2_ws/install/my_cpp_pkg:/home/raji/ros2_ws/install/my_py_pkg:/opt/ros/humble LD_LIBRARY_PATH=/home/raji/bumperbot_ws/install/bumperbot_msgs/lib:${LD_LIBRARY_PATH} PYTHONPATH=/home/raji/bumperbot_ws/install/bumperbot_msgs/local/lib/python3.10/dist-packages:${PYTHONPATH} /usr/bin/cmake --build /home/raji/bumperbot_ws/build/bumperbot_cpp_examples -- -j12 -l12
[68.697s] Invoking command in '/home/raji/bumperbot_ws/build/bumperbot_cpp_examples': AMENT_PREFIX_PATH=/home/raji/bumperbot_ws/install/bumperbot_msgs:${AMENT_PREFIX_PATH} CMAKE_PREFIX_PATH=/home/raji/bumperbot_ws/install/bumperbot_msgs:/home/raji/ros2_ws/install/my_cpp_pkg:/home/raji/ros2_ws/install/my_py_pkg:/opt/ros/humble LD_LIBRARY_PATH=/home/raji/bumperbot_ws/install/bumperbot_msgs/lib:${LD_LIBRARY_PATH} PYTHONPATH=/home/raji/bumperbot_ws/install/bumperbot_msgs/local/lib/python3.10/dist-packages:${PYTHONPATH} /usr/bin/cmake --install /home/raji/bumperbot_ws/build/bumperbot_cpp_examples
[68.702s] -- Install configuration: ""
[68.702s] -- Installing: /home/raji/bumperbot_ws/install/bumperbot_cpp_examples/include/include
[68.702s] -- Installing: /home/raji/bumperbot_ws/install/bumperbot_cpp_examples/include/include/bumperbot_cpp_examples
[68.702s] -- Installing: /home/raji/bumperbot_ws/install/bumperbot_cpp_examples/include/include/bumperbot_cpp_examples/simple_turtlesim_kinematics.hpp
[68.703s] -- Installing: /home/raji/bumperbot_ws/install/bumperbot_cpp_examples/include/include/bumperbot_cpp_examples/simple_tf_kinematics.hpp
[68.703s] -- Installing: /home/raji/bumperbot_ws/install/bumperbot_cpp_examples/lib/bumperbot_cpp_examples/simple_publisher
[68.704s] -- Set runtime path of "/home/raji/bumperbot_ws/install/bumperbot_cpp_examples/lib/bumperbot_cpp_examples/simple_publisher" to ""
[68.704s] -- Installing: /home/raji/bumperbot_ws/install/bumperbot_cpp_examples/lib/bumperbot_cpp_examples/simple_subscriber
[68.706s] -- Set runtime path of "/home/raji/bumperbot_ws/install/bumperbot_cpp_examples/lib/bumperbot_cpp_examples/simple_subscriber" to ""
[68.706s] -- Installing: /home/raji/bumperbot_ws/install/bumperbot_cpp_examples/lib/bumperbot_cpp_examples/simple_parameter
[68.707s] -- Set runtime path of "/home/raji/bumperbot_ws/install/bumperbot_cpp_examples/lib/bumperbot_cpp_examples/simple_parameter" to ""
[68.707s] -- Installing: /home/raji/bumperbot_ws/install/bumperbot_cpp_examples/lib/bumperbot_cpp_examples/simple_turtlesim_kinematics
[68.710s] -- Set runtime path of "/home/raji/bumperbot_ws/install/bumperbot_cpp_examples/lib/bumperbot_cpp_examples/simple_turtlesim_kinematics" to ""
[68.710s] -- Installing: /home/raji/bumperbot_ws/install/bumperbot_cpp_examples/lib/bumperbot_cpp_examples/simple_service_server
[68.710s] -- Set runtime path of "/home/raji/bumperbot_ws/install/bumperbot_cpp_examples/lib/bumperbot_cpp_examples/simple_service_server" to ""
[68.711s] -- Installing: /home/raji/bumperbot_ws/install/bumperbot_cpp_examples/lib/bumperbot_cpp_examples/simple_service_client
[68.711s] -- Set runtime path of "/home/raji/bumperbot_ws/install/bumperbot_cpp_examples/lib/bumperbot_cpp_examples/simple_service_client" to ""
[68.711s] -- Installing: /home/raji/bumperbot_ws/install/bumperbot_cpp_examples/lib/bumperbot_cpp_examples/simple_tf_kinematics
[68.712s] -- Set runtime path of "/home/raji/bumperbot_ws/install/bumperbot_cpp_examples/lib/bumperbot_cpp_examples/simple_tf_kinematics" to ""
[68.713s] -- Installing: /home/raji/bumperbot_ws/install/bumperbot_cpp_examples/lib/bumperbot_cpp_examples/simple_lifecycle_node
[68.715s] -- Set runtime path of "/home/raji/bumperbot_ws/install/bumperbot_cpp_examples/lib/bumperbot_cpp_examples/simple_lifecycle_node" to ""
[68.715s] -- Installing: /home/raji/bumperbot_ws/install/bumperbot_cpp_examples/share/ament_index/resource_index/package_run_dependencies/bumperbot_cpp_examples
[68.715s] -- Installing: /home/raji/bumperbot_ws/install/bumperbot_cpp_examples/share/ament_index/resource_index/parent_prefix_path/bumperbot_cpp_examples
[68.715s] -- Installing: /home/raji/bumperbot_ws/install/bumperbot_cpp_examples/share/bumperbot_cpp_examples/environment/ament_prefix_path.sh
[68.716s] -- Installing: /home/raji/bumperbot_ws/install/bumperbot_cpp_examples/share/bumperbot_cpp_examples/environment/ament_prefix_path.dsv
[68.716s] -- Installing: /home/raji/bumperbot_ws/install/bumperbot_cpp_examples/share/bumperbot_cpp_examples/environment/path.sh
[68.716s] -- Installing: /home/raji/bumperbot_ws/install/bumperbot_cpp_examples/share/bumperbot_cpp_examples/environment/path.dsv
[68.716s] -- Installing: /home/raji/bumperbot_ws/install/bumperbot_cpp_examples/share/bumperbot_cpp_examples/local_setup.bash
[68.716s] -- Installing: /home/raji/bumperbot_ws/install/bumperbot_cpp_examples/share/bumperbot_cpp_examples/local_setup.sh
[68.716s] -- Installing: /home/raji/bumperbot_ws/install/bumperbot_cpp_examples/share/bumperbot_cpp_examples/local_setup.zsh
[68.716s] -- Installing: /home/raji/bumperbot_ws/install/bumperbot_cpp_examples/share/bumperbot_cpp_examples/local_setup.dsv
[68.716s] -- Installing: /home/raji/bumperbot_ws/install/bumperbot_cpp_examples/share/bumperbot_cpp_examples/package.dsv
[68.716s] -- Installing: /home/raji/bumperbot_ws/install/bumperbot_cpp_examples/share/ament_index/resource_index/packages/bumperbot_cpp_examples
[68.716s] -- Installing: /home/raji/bumperbot_ws/install/bumperbot_cpp_examples/share/bumperbot_cpp_examples/cmake/bumperbot_cpp_examplesConfig.cmake
[68.717s] -- Installing: /home/raji/bumperbot_ws/install/bumperbot_cpp_examples/share/bumperbot_cpp_examples/cmake/bumperbot_cpp_examplesConfig-version.cmake
[68.717s] -- Installing: /home/raji/bumperbot_ws/install/bumperbot_cpp_examples/share/bumperbot_cpp_examples/package.xml
[68.718s] Invoked command in '/home/raji/bumperbot_ws/build/bumperbot_cpp_examples' returned '0': AMENT_PREFIX_PATH=/home/raji/bumperbot_ws/install/bumperbot_msgs:${AMENT_PREFIX_PATH} CMAKE_PREFIX_PATH=/home/raji/bumperbot_ws/install/bumperbot_msgs:/home/raji/ros2_ws/install/my_cpp_pkg:/home/raji/ros2_ws/install/my_py_pkg:/opt/ros/humble LD_LIBRARY_PATH=/home/raji/bumperbot_ws/install/bumperbot_msgs/lib:${LD_LIBRARY_PATH} PYTHONPATH=/home/raji/bumperbot_ws/install/bumperbot_msgs/local/lib/python3.10/dist-packages:${PYTHONPATH} /usr/bin/cmake --install /home/raji/bumperbot_ws/build/bumperbot_cpp_examples
